# compute-spectrogram-feats --verbose=2 --config=conf/spec.conf scp,p:exp/make_spec/wav.2.scp ark:- | copy-feats --compress=true ark:- ark,scp:/home/lijianchen/ASVspoof/Attentive-Filtering-Network/logspec/raw_spec_train_spec.2.ark,/home/lijianchen/ASVspoof/Attentive-Filtering-Network/logspec/raw_spec_train_spec.2.scp 
# Started at Sat Jan 18 14:02:05 CST 2020
#
compute-spectrogram-feats --verbose=2 --config=conf/spec.conf scp,p:exp/make_spec/wav.2.scp ark:- 
copy-feats --compress=true ark:- ark,scp:/home/lijianchen/ASVspoof/Attentive-Filtering-Network/logspec/raw_spec_train_spec.2.ark,/home/lijianchen/ASVspoof/Attentive-Filtering-Network/logspec/raw_spec_train_spec.2.scp 
VLOG[2] (compute-spectrogram-feats[5.5.536~1-eb836]:main():compute-spectrogram-feats.cc:154) Processed features for key genuine-T_1000191
VLOG[2] (compute-spectrogram-feats[5.5.536~1-eb836]:main():compute-spectrogram-feats.cc:154) Processed features for key genuine-T_1000192
VLOG[2] (compute-spectrogram-feats[5.5.536~1-eb836]:main():compute-spectrogram-feats.cc:154) Processed features for key genuine-T_1000193
VLOG[2] (compute-spectrogram-feats[5.5.536~1-eb836]:main():compute-spectrogram-feats.cc:154) Processed features for key genuine-T_1000194
VLOG[2] (compute-spectrogram-feats[5.5.536~1-eb836]:main():compute-spectrogram-feats.cc:154) Processed features for key genuine-T_1000195
VLOG[2] (compute-spectrogram-feats[5.5.536~1-eb836]:main():compute-spectrogram-feats.cc:154) Processed features for key genuine-T_1000196
VLOG[2] (compute-spectrogram-feats[5.5.536~1-eb836]:main():compute-spectrogram-feats.cc:154) Processed features for key genuine-T_1000197
VLOG[2] (compute-spectrogram-feats[5.5.536~1-eb836]:main():compute-spectrogram-feats.cc:154) Processed features for key genuine-T_1000198
VLOG[2] (compute-spectrogram-feats[5.5.536~1-eb836]:main():compute-spectrogram-feats.cc:154) Processed features for key genuine-T_1000199
LOG (compute-spectrogram-feats[5.5.536~1-eb836]:main():compute-spectrogram-feats.cc:153) Processed 10 utterances
VLOG[2] (compute-spectrogram-feats[5.5.536~1-eb836]:main():compute-spectrogram-feats.cc:154) Processed features for key genuine-T_1000200
VLOG[2] (compute-spectrogram-feats[5.5.536~1-eb836]:main():compute-spectrogram-feats.cc:154) Processed features for key genuine-T_1000201
VLOG[2] (compute-spectrogram-feats[5.5.536~1-eb836]:main():compute-spectrogram-feats.cc:154) Processed features for key genuine-T_1000202
VLOG[2] (compute-spectrogram-feats[5.5.536~1-eb836]:main():compute-spectrogram-feats.cc:154) Processed features for key genuine-T_1000203
VLOG[2] (compute-spectrogram-feats[5.5.536~1-eb836]:main():compute-spectrogram-feats.cc:154) Processed features for key genuine-T_1000204
VLOG[2] (compute-spectrogram-feats[5.5.536~1-eb836]:main():compute-spectrogram-feats.cc:154) Processed features for key genuine-T_1000205
VLOG[2] (compute-spectrogram-feats[5.5.536~1-eb836]:main():compute-spectrogram-feats.cc:154) Processed features for key genuine-T_1000206
VLOG[2] (compute-spectrogram-feats[5.5.536~1-eb836]:main():compute-spectrogram-feats.cc:154) Processed features for key genuine-T_1000207
VLOG[2] (compute-spectrogram-feats[5.5.536~1-eb836]:main():compute-spectrogram-feats.cc:154) Processed features for key genuine-T_1000208
VLOG[2] (compute-spectrogram-feats[5.5.536~1-eb836]:main():compute-spectrogram-feats.cc:154) Processed features for key genuine-T_1000209
LOG (compute-spectrogram-feats[5.5.536~1-eb836]:main():compute-spectrogram-feats.cc:153) Processed 20 utterances
VLOG[2] (compute-spectrogram-feats[5.5.536~1-eb836]:main():compute-spectrogram-feats.cc:154) Processed features for key genuine-T_1000210
VLOG[2] (compute-spectrogram-feats[5.5.536~1-eb836]:main():compute-spectrogram-feats.cc:154) Processed features for key genuine-T_1000211
VLOG[2] (compute-spectrogram-feats[5.5.536~1-eb836]:main():compute-spectrogram-feats.cc:154) Processed features for key genuine-T_1000212
VLOG[2] (compute-spectrogram-feats[5.5.536~1-eb836]:main():compute-spectrogram-feats.cc:154) Processed features for key genuine-T_1000213
VLOG[2] (compute-spectrogram-feats[5.5.536~1-eb836]:main():compute-spectrogram-feats.cc:154) Processed features for key genuine-T_1000214
VLOG[2] (compute-spectrogram-feats[5.5.536~1-eb836]:main():compute-spectrogram-feats.cc:154) Processed features for key genuine-T_1000215
VLOG[2] (compute-spectrogram-feats[5.5.536~1-eb836]:main():compute-spectrogram-feats.cc:154) Processed features for key genuine-T_1000216
VLOG[2] (compute-spectrogram-feats[5.5.536~1-eb836]:main():compute-spectrogram-feats.cc:154) Processed features for key genuine-T_1000217
VLOG[2] (compute-spectrogram-feats[5.5.536~1-eb836]:main():compute-spectrogram-feats.cc:154) Processed features for key genuine-T_1000218
VLOG[2] (compute-spectrogram-feats[5.5.536~1-eb836]:main():compute-spectrogram-feats.cc:154) Processed features for key genuine-T_1000219
LOG (compute-spectrogram-feats[5.5.536~1-eb836]:main():compute-spectrogram-feats.cc:153) Processed 30 utterances
VLOG[2] (compute-spectrogram-feats[5.5.536~1-eb836]:main():compute-spectrogram-feats.cc:154) Processed features for key genuine-T_1000220
VLOG[2] (compute-spectrogram-feats[5.5.536~1-eb836]:main():compute-spectrogram-feats.cc:154) Processed features for key genuine-T_1000221
VLOG[2] (compute-spectrogram-feats[5.5.536~1-eb836]:main():compute-spectrogram-feats.cc:154) Processed features for key genuine-T_1000222
VLOG[2] (compute-spectrogram-feats[5.5.536~1-eb836]:main():compute-spectrogram-feats.cc:154) Processed features for key genuine-T_1000223
VLOG[2] (compute-spectrogram-feats[5.5.536~1-eb836]:main():compute-spectrogram-feats.cc:154) Processed features for key genuine-T_1000224
VLOG[2] (compute-spectrogram-feats[5.5.536~1-eb836]:main():compute-spectrogram-feats.cc:154) Processed features for key genuine-T_1000225
VLOG[2] (compute-spectrogram-feats[5.5.536~1-eb836]:main():compute-spectrogram-feats.cc:154) Processed features for key genuine-T_1000226
VLOG[2] (compute-spectrogram-feats[5.5.536~1-eb836]:main():compute-spectrogram-feats.cc:154) Processed features for key genuine-T_1000227
VLOG[2] (compute-spectrogram-feats[5.5.536~1-eb836]:main():compute-spectrogram-feats.cc:154) Processed features for key genuine-T_1000228
VLOG[2] (compute-spectrogram-feats[5.5.536~1-eb836]:main():compute-spectrogram-feats.cc:154) Processed features for key genuine-T_1000229
LOG (compute-spectrogram-feats[5.5.536~1-eb836]:main():compute-spectrogram-feats.cc:153) Processed 40 utterances
VLOG[2] (compute-spectrogram-feats[5.5.536~1-eb836]:main():compute-spectrogram-feats.cc:154) Processed features for key genuine-T_1000230
VLOG[2] (compute-spectrogram-feats[5.5.536~1-eb836]:main():compute-spectrogram-feats.cc:154) Processed features for key genuine-T_1000231
VLOG[2] (compute-spectrogram-feats[5.5.536~1-eb836]:main():compute-spectrogram-feats.cc:154) Processed features for key genuine-T_1000232
VLOG[2] (compute-spectrogram-feats[5.5.536~1-eb836]:main():compute-spectrogram-feats.cc:154) Processed features for key genuine-T_1000233
VLOG[2] (compute-spectrogram-feats[5.5.536~1-eb836]:main():compute-spectrogram-feats.cc:154) Processed features for key genuine-T_1000234
VLOG[2] (compute-spectrogram-feats[5.5.536~1-eb836]:main():compute-spectrogram-feats.cc:154) Processed features for key genuine-T_1000235
VLOG[2] (compute-spectrogram-feats[5.5.536~1-eb836]:main():compute-spectrogram-feats.cc:154) Processed features for key genuine-T_1000236
VLOG[2] (compute-spectrogram-feats[5.5.536~1-eb836]:main():compute-spectrogram-feats.cc:154) Processed features for key genuine-T_1000237
VLOG[2] (compute-spectrogram-feats[5.5.536~1-eb836]:main():compute-spectrogram-feats.cc:154) Processed features for key genuine-T_1000238
VLOG[2] (compute-spectrogram-feats[5.5.536~1-eb836]:main():compute-spectrogram-feats.cc:154) Processed features for key genuine-T_1000239
LOG (compute-spectrogram-feats[5.5.536~1-eb836]:main():compute-spectrogram-feats.cc:153) Processed 50 utterances
VLOG[2] (compute-spectrogram-feats[5.5.536~1-eb836]:main():compute-spectrogram-feats.cc:154) Processed features for key genuine-T_1000240
VLOG[2] (compute-spectrogram-feats[5.5.536~1-eb836]:main():compute-spectrogram-feats.cc:154) Processed features for key genuine-T_1000241
VLOG[2] (compute-spectrogram-feats[5.5.536~1-eb836]:main():compute-spectrogram-feats.cc:154) Processed features for key genuine-T_1000242
VLOG[2] (compute-spectrogram-feats[5.5.536~1-eb836]:main():compute-spectrogram-feats.cc:154) Processed features for key genuine-T_1000243
VLOG[2] (compute-spectrogram-feats[5.5.536~1-eb836]:main():compute-spectrogram-feats.cc:154) Processed features for key genuine-T_1000244
VLOG[2] (compute-spectrogram-feats[5.5.536~1-eb836]:main():compute-spectrogram-feats.cc:154) Processed features for key genuine-T_1000245
VLOG[2] (compute-spectrogram-feats[5.5.536~1-eb836]:main():compute-spectrogram-feats.cc:154) Processed features for key genuine-T_1000246
VLOG[2] (compute-spectrogram-feats[5.5.536~1-eb836]:main():compute-spectrogram-feats.cc:154) Processed features for key genuine-T_1000247
VLOG[2] (compute-spectrogram-feats[5.5.536~1-eb836]:main():compute-spectrogram-feats.cc:154) Processed features for key genuine-T_1000248
VLOG[2] (compute-spectrogram-feats[5.5.536~1-eb836]:main():compute-spectrogram-feats.cc:154) Processed features for key genuine-T_1000249
LOG (compute-spectrogram-feats[5.5.536~1-eb836]:main():compute-spectrogram-feats.cc:153) Processed 60 utterances
VLOG[2] (compute-spectrogram-feats[5.5.536~1-eb836]:main():compute-spectrogram-feats.cc:154) Processed features for key genuine-T_1000250
VLOG[2] (compute-spectrogram-feats[5.5.536~1-eb836]:main():compute-spectrogram-feats.cc:154) Processed features for key genuine-T_1000251
VLOG[2] (compute-spectrogram-feats[5.5.536~1-eb836]:main():compute-spectrogram-feats.cc:154) Processed features for key genuine-T_1000252
VLOG[2] (compute-spectrogram-feats[5.5.536~1-eb836]:main():compute-spectrogram-feats.cc:154) Processed features for key genuine-T_1000253
VLOG[2] (compute-spectrogram-feats[5.5.536~1-eb836]:main():compute-spectrogram-feats.cc:154) Processed features for key genuine-T_1000254
VLOG[2] (compute-spectrogram-feats[5.5.536~1-eb836]:main():compute-spectrogram-feats.cc:154) Processed features for key genuine-T_1000255
VLOG[2] (compute-spectrogram-feats[5.5.536~1-eb836]:main():compute-spectrogram-feats.cc:154) Processed features for key genuine-T_1000256
VLOG[2] (compute-spectrogram-feats[5.5.536~1-eb836]:main():compute-spectrogram-feats.cc:154) Processed features for key genuine-T_1000257
VLOG[2] (compute-spectrogram-feats[5.5.536~1-eb836]:main():compute-spectrogram-feats.cc:154) Processed features for key genuine-T_1000258
VLOG[2] (compute-spectrogram-feats[5.5.536~1-eb836]:main():compute-spectrogram-feats.cc:154) Processed features for key genuine-T_1000259
LOG (compute-spectrogram-feats[5.5.536~1-eb836]:main():compute-spectrogram-feats.cc:153) Processed 70 utterances
VLOG[2] (compute-spectrogram-feats[5.5.536~1-eb836]:main():compute-spectrogram-feats.cc:154) Processed features for key genuine-T_1000260
VLOG[2] (compute-spectrogram-feats[5.5.536~1-eb836]:main():compute-spectrogram-feats.cc:154) Processed features for key genuine-T_1000261
VLOG[2] (compute-spectrogram-feats[5.5.536~1-eb836]:main():compute-spectrogram-feats.cc:154) Processed features for key genuine-T_1000262
VLOG[2] (compute-spectrogram-feats[5.5.536~1-eb836]:main():compute-spectrogram-feats.cc:154) Processed features for key genuine-T_1000263
VLOG[2] (compute-spectrogram-feats[5.5.536~1-eb836]:main():compute-spectrogram-feats.cc:154) Processed features for key genuine-T_1000264
VLOG[2] (compute-spectrogram-feats[5.5.536~1-eb836]:main():compute-spectrogram-feats.cc:154) Processed features for key genuine-T_1000265
VLOG[2] (compute-spectrogram-feats[5.5.536~1-eb836]:main():compute-spectrogram-feats.cc:154) Processed features for key genuine-T_1000266
VLOG[2] (compute-spectrogram-feats[5.5.536~1-eb836]:main():compute-spectrogram-feats.cc:154) Processed features for key genuine-T_1000267
VLOG[2] (compute-spectrogram-feats[5.5.536~1-eb836]:main():compute-spectrogram-feats.cc:154) Processed features for key genuine-T_1000268
VLOG[2] (compute-spectrogram-feats[5.5.536~1-eb836]:main():compute-spectrogram-feats.cc:154) Processed features for key genuine-T_1000269
LOG (compute-spectrogram-feats[5.5.536~1-eb836]:main():compute-spectrogram-feats.cc:153) Processed 80 utterances
VLOG[2] (compute-spectrogram-feats[5.5.536~1-eb836]:main():compute-spectrogram-feats.cc:154) Processed features for key genuine-T_1000270
VLOG[2] (compute-spectrogram-feats[5.5.536~1-eb836]:main():compute-spectrogram-feats.cc:154) Processed features for key genuine-T_1000271
VLOG[2] (compute-spectrogram-feats[5.5.536~1-eb836]:main():compute-spectrogram-feats.cc:154) Processed features for key genuine-T_1000272
VLOG[2] (compute-spectrogram-feats[5.5.536~1-eb836]:main():compute-spectrogram-feats.cc:154) Processed features for key genuine-T_1000273
VLOG[2] (compute-spectrogram-feats[5.5.536~1-eb836]:main():compute-spectrogram-feats.cc:154) Processed features for key genuine-T_1000274
VLOG[2] (compute-spectrogram-feats[5.5.536~1-eb836]:main():compute-spectrogram-feats.cc:154) Processed features for key genuine-T_1000275
VLOG[2] (compute-spectrogram-feats[5.5.536~1-eb836]:main():compute-spectrogram-feats.cc:154) Processed features for key genuine-T_1000276
VLOG[2] (compute-spectrogram-feats[5.5.536~1-eb836]:main():compute-spectrogram-feats.cc:154) Processed features for key genuine-T_1000277
VLOG[2] (compute-spectrogram-feats[5.5.536~1-eb836]:main():compute-spectrogram-feats.cc:154) Processed features for key genuine-T_1000278
VLOG[2] (compute-spectrogram-feats[5.5.536~1-eb836]:main():compute-spectrogram-feats.cc:154) Processed features for key genuine-T_1000279
LOG (compute-spectrogram-feats[5.5.536~1-eb836]:main():compute-spectrogram-feats.cc:153) Processed 90 utterances
VLOG[2] (compute-spectrogram-feats[5.5.536~1-eb836]:main():compute-spectrogram-feats.cc:154) Processed features for key genuine-T_1000280
VLOG[2] (compute-spectrogram-feats[5.5.536~1-eb836]:main():compute-spectrogram-feats.cc:154) Processed features for key genuine-T_1000281
VLOG[2] (compute-spectrogram-feats[5.5.536~1-eb836]:main():compute-spectrogram-feats.cc:154) Processed features for key genuine-T_1000282
VLOG[2] (compute-spectrogram-feats[5.5.536~1-eb836]:main():compute-spectrogram-feats.cc:154) Processed features for key genuine-T_1000283
VLOG[2] (compute-spectrogram-feats[5.5.536~1-eb836]:main():compute-spectrogram-feats.cc:154) Processed features for key genuine-T_1000284
VLOG[2] (compute-spectrogram-feats[5.5.536~1-eb836]:main():compute-spectrogram-feats.cc:154) Processed features for key genuine-T_1000285
VLOG[2] (compute-spectrogram-feats[5.5.536~1-eb836]:main():compute-spectrogram-feats.cc:154) Processed features for key genuine-T_1000286
VLOG[2] (compute-spectrogram-feats[5.5.536~1-eb836]:main():compute-spectrogram-feats.cc:154) Processed features for key genuine-T_1000287
VLOG[2] (compute-spectrogram-feats[5.5.536~1-eb836]:main():compute-spectrogram-feats.cc:154) Processed features for key genuine-T_1000288
VLOG[2] (compute-spectrogram-feats[5.5.536~1-eb836]:main():compute-spectrogram-feats.cc:154) Processed features for key genuine-T_1000289
LOG (compute-spectrogram-feats[5.5.536~1-eb836]:main():compute-spectrogram-feats.cc:153) Processed 100 utterances
VLOG[2] (compute-spectrogram-feats[5.5.536~1-eb836]:main():compute-spectrogram-feats.cc:154) Processed features for key genuine-T_1000290
VLOG[2] (compute-spectrogram-feats[5.5.536~1-eb836]:main():compute-spectrogram-feats.cc:154) Processed features for key genuine-T_1000291
VLOG[2] (compute-spectrogram-feats[5.5.536~1-eb836]:main():compute-spectrogram-feats.cc:154) Processed features for key genuine-T_1000292
VLOG[2] (compute-spectrogram-feats[5.5.536~1-eb836]:main():compute-spectrogram-feats.cc:154) Processed features for key genuine-T_1000293
VLOG[2] (compute-spectrogram-feats[5.5.536~1-eb836]:main():compute-spectrogram-feats.cc:154) Processed features for key genuine-T_1000294
VLOG[2] (compute-spectrogram-feats[5.5.536~1-eb836]:main():compute-spectrogram-feats.cc:154) Processed features for key genuine-T_1000295
VLOG[2] (compute-spectrogram-feats[5.5.536~1-eb836]:main():compute-spectrogram-feats.cc:154) Processed features for key genuine-T_1000296
VLOG[2] (compute-spectrogram-feats[5.5.536~1-eb836]:main():compute-spectrogram-feats.cc:154) Processed features for key genuine-T_1000297
VLOG[2] (compute-spectrogram-feats[5.5.536~1-eb836]:main():compute-spectrogram-feats.cc:154) Processed features for key genuine-T_1000298
VLOG[2] (compute-spectrogram-feats[5.5.536~1-eb836]:main():compute-spectrogram-feats.cc:154) Processed features for key genuine-T_1000299
LOG (compute-spectrogram-feats[5.5.536~1-eb836]:main():compute-spectrogram-feats.cc:153) Processed 110 utterances
VLOG[2] (compute-spectrogram-feats[5.5.536~1-eb836]:main():compute-spectrogram-feats.cc:154) Processed features for key genuine-T_1000300
VLOG[2] (compute-spectrogram-feats[5.5.536~1-eb836]:main():compute-spectrogram-feats.cc:154) Processed features for key genuine-T_1000301
VLOG[2] (compute-spectrogram-feats[5.5.536~1-eb836]:main():compute-spectrogram-feats.cc:154) Processed features for key genuine-T_1000302
VLOG[2] (compute-spectrogram-feats[5.5.536~1-eb836]:main():compute-spectrogram-feats.cc:154) Processed features for key genuine-T_1000303
VLOG[2] (compute-spectrogram-feats[5.5.536~1-eb836]:main():compute-spectrogram-feats.cc:154) Processed features for key genuine-T_1000304
VLOG[2] (compute-spectrogram-feats[5.5.536~1-eb836]:main():compute-spectrogram-feats.cc:154) Processed features for key genuine-T_1000305
VLOG[2] (compute-spectrogram-feats[5.5.536~1-eb836]:main():compute-spectrogram-feats.cc:154) Processed features for key genuine-T_1000306
VLOG[2] (compute-spectrogram-feats[5.5.536~1-eb836]:main():compute-spectrogram-feats.cc:154) Processed features for key genuine-T_1000307
VLOG[2] (compute-spectrogram-feats[5.5.536~1-eb836]:main():compute-spectrogram-feats.cc:154) Processed features for key genuine-T_1000308
VLOG[2] (compute-spectrogram-feats[5.5.536~1-eb836]:main():compute-spectrogram-feats.cc:154) Processed features for key genuine-T_1000309
LOG (compute-spectrogram-feats[5.5.536~1-eb836]:main():compute-spectrogram-feats.cc:153) Processed 120 utterances
VLOG[2] (compute-spectrogram-feats[5.5.536~1-eb836]:main():compute-spectrogram-feats.cc:154) Processed features for key genuine-T_1000310
VLOG[2] (compute-spectrogram-feats[5.5.536~1-eb836]:main():compute-spectrogram-feats.cc:154) Processed features for key genuine-T_1000311
VLOG[2] (compute-spectrogram-feats[5.5.536~1-eb836]:main():compute-spectrogram-feats.cc:154) Processed features for key genuine-T_1000312
VLOG[2] (compute-spectrogram-feats[5.5.536~1-eb836]:main():compute-spectrogram-feats.cc:154) Processed features for key genuine-T_1000313
VLOG[2] (compute-spectrogram-feats[5.5.536~1-eb836]:main():compute-spectrogram-feats.cc:154) Processed features for key genuine-T_1000314
VLOG[2] (compute-spectrogram-feats[5.5.536~1-eb836]:main():compute-spectrogram-feats.cc:154) Processed features for key genuine-T_1000315
VLOG[2] (compute-spectrogram-feats[5.5.536~1-eb836]:main():compute-spectrogram-feats.cc:154) Processed features for key genuine-T_1000316
VLOG[2] (compute-spectrogram-feats[5.5.536~1-eb836]:main():compute-spectrogram-feats.cc:154) Processed features for key genuine-T_1000317
VLOG[2] (compute-spectrogram-feats[5.5.536~1-eb836]:main():compute-spectrogram-feats.cc:154) Processed features for key genuine-T_1000318
VLOG[2] (compute-spectrogram-feats[5.5.536~1-eb836]:main():compute-spectrogram-feats.cc:154) Processed features for key genuine-T_1000319
LOG (compute-spectrogram-feats[5.5.536~1-eb836]:main():compute-spectrogram-feats.cc:153) Processed 130 utterances
VLOG[2] (compute-spectrogram-feats[5.5.536~1-eb836]:main():compute-spectrogram-feats.cc:154) Processed features for key genuine-T_1000320
VLOG[2] (compute-spectrogram-feats[5.5.536~1-eb836]:main():compute-spectrogram-feats.cc:154) Processed features for key genuine-T_1000321
VLOG[2] (compute-spectrogram-feats[5.5.536~1-eb836]:main():compute-spectrogram-feats.cc:154) Processed features for key genuine-T_1000322
VLOG[2] (compute-spectrogram-feats[5.5.536~1-eb836]:main():compute-spectrogram-feats.cc:154) Processed features for key genuine-T_1000323
VLOG[2] (compute-spectrogram-feats[5.5.536~1-eb836]:main():compute-spectrogram-feats.cc:154) Processed features for key genuine-T_1000324
VLOG[2] (compute-spectrogram-feats[5.5.536~1-eb836]:main():compute-spectrogram-feats.cc:154) Processed features for key genuine-T_1000325
VLOG[2] (compute-spectrogram-feats[5.5.536~1-eb836]:main():compute-spectrogram-feats.cc:154) Processed features for key genuine-T_1000326
VLOG[2] (compute-spectrogram-feats[5.5.536~1-eb836]:main():compute-spectrogram-feats.cc:154) Processed features for key genuine-T_1000327
VLOG[2] (compute-spectrogram-feats[5.5.536~1-eb836]:main():compute-spectrogram-feats.cc:154) Processed features for key genuine-T_1000328
VLOG[2] (compute-spectrogram-feats[5.5.536~1-eb836]:main():compute-spectrogram-feats.cc:154) Processed features for key genuine-T_1000329
LOG (compute-spectrogram-feats[5.5.536~1-eb836]:main():compute-spectrogram-feats.cc:153) Processed 140 utterances
VLOG[2] (compute-spectrogram-feats[5.5.536~1-eb836]:main():compute-spectrogram-feats.cc:154) Processed features for key genuine-T_1000330
VLOG[2] (compute-spectrogram-feats[5.5.536~1-eb836]:main():compute-spectrogram-feats.cc:154) Processed features for key genuine-T_1000331
VLOG[2] (compute-spectrogram-feats[5.5.536~1-eb836]:main():compute-spectrogram-feats.cc:154) Processed features for key genuine-T_1000332
VLOG[2] (compute-spectrogram-feats[5.5.536~1-eb836]:main():compute-spectrogram-feats.cc:154) Processed features for key genuine-T_1000333
VLOG[2] (compute-spectrogram-feats[5.5.536~1-eb836]:main():compute-spectrogram-feats.cc:154) Processed features for key genuine-T_1000334
VLOG[2] (compute-spectrogram-feats[5.5.536~1-eb836]:main():compute-spectrogram-feats.cc:154) Processed features for key genuine-T_1000335
VLOG[2] (compute-spectrogram-feats[5.5.536~1-eb836]:main():compute-spectrogram-feats.cc:154) Processed features for key genuine-T_1000336
VLOG[2] (compute-spectrogram-feats[5.5.536~1-eb836]:main():compute-spectrogram-feats.cc:154) Processed features for key genuine-T_1000337
VLOG[2] (compute-spectrogram-feats[5.5.536~1-eb836]:main():compute-spectrogram-feats.cc:154) Processed features for key genuine-T_1000338
VLOG[2] (compute-spectrogram-feats[5.5.536~1-eb836]:main():compute-spectrogram-feats.cc:154) Processed features for key genuine-T_1000339
LOG (compute-spectrogram-feats[5.5.536~1-eb836]:main():compute-spectrogram-feats.cc:153) Processed 150 utterances
VLOG[2] (compute-spectrogram-feats[5.5.536~1-eb836]:main():compute-spectrogram-feats.cc:154) Processed features for key genuine-T_1000340
VLOG[2] (compute-spectrogram-feats[5.5.536~1-eb836]:main():compute-spectrogram-feats.cc:154) Processed features for key genuine-T_1000341
VLOG[2] (compute-spectrogram-feats[5.5.536~1-eb836]:main():compute-spectrogram-feats.cc:154) Processed features for key genuine-T_1000342
VLOG[2] (compute-spectrogram-feats[5.5.536~1-eb836]:main():compute-spectrogram-feats.cc:154) Processed features for key genuine-T_1000343
VLOG[2] (compute-spectrogram-feats[5.5.536~1-eb836]:main():compute-spectrogram-feats.cc:154) Processed features for key genuine-T_1000344
VLOG[2] (compute-spectrogram-feats[5.5.536~1-eb836]:main():compute-spectrogram-feats.cc:154) Processed features for key genuine-T_1000345
VLOG[2] (compute-spectrogram-feats[5.5.536~1-eb836]:main():compute-spectrogram-feats.cc:154) Processed features for key genuine-T_1000346
VLOG[2] (compute-spectrogram-feats[5.5.536~1-eb836]:main():compute-spectrogram-feats.cc:154) Processed features for key genuine-T_1000347
VLOG[2] (compute-spectrogram-feats[5.5.536~1-eb836]:main():compute-spectrogram-feats.cc:154) Processed features for key genuine-T_1000348
VLOG[2] (compute-spectrogram-feats[5.5.536~1-eb836]:main():compute-spectrogram-feats.cc:154) Processed features for key genuine-T_1000349
LOG (compute-spectrogram-feats[5.5.536~1-eb836]:main():compute-spectrogram-feats.cc:153) Processed 160 utterances
VLOG[2] (compute-spectrogram-feats[5.5.536~1-eb836]:main():compute-spectrogram-feats.cc:154) Processed features for key genuine-T_1000350
VLOG[2] (compute-spectrogram-feats[5.5.536~1-eb836]:main():compute-spectrogram-feats.cc:154) Processed features for key genuine-T_1000351
VLOG[2] (compute-spectrogram-feats[5.5.536~1-eb836]:main():compute-spectrogram-feats.cc:154) Processed features for key genuine-T_1000352
VLOG[2] (compute-spectrogram-feats[5.5.536~1-eb836]:main():compute-spectrogram-feats.cc:154) Processed features for key genuine-T_1000353
VLOG[2] (compute-spectrogram-feats[5.5.536~1-eb836]:main():compute-spectrogram-feats.cc:154) Processed features for key genuine-T_1000354
VLOG[2] (compute-spectrogram-feats[5.5.536~1-eb836]:main():compute-spectrogram-feats.cc:154) Processed features for key genuine-T_1000355
VLOG[2] (compute-spectrogram-feats[5.5.536~1-eb836]:main():compute-spectrogram-feats.cc:154) Processed features for key genuine-T_1000356
VLOG[2] (compute-spectrogram-feats[5.5.536~1-eb836]:main():compute-spectrogram-feats.cc:154) Processed features for key genuine-T_1000357
VLOG[2] (compute-spectrogram-feats[5.5.536~1-eb836]:main():compute-spectrogram-feats.cc:154) Processed features for key genuine-T_1000358
VLOG[2] (compute-spectrogram-feats[5.5.536~1-eb836]:main():compute-spectrogram-feats.cc:154) Processed features for key genuine-T_1000359
LOG (compute-spectrogram-feats[5.5.536~1-eb836]:main():compute-spectrogram-feats.cc:153) Processed 170 utterances
VLOG[2] (compute-spectrogram-feats[5.5.536~1-eb836]:main():compute-spectrogram-feats.cc:154) Processed features for key genuine-T_1000360
VLOG[2] (compute-spectrogram-feats[5.5.536~1-eb836]:main():compute-spectrogram-feats.cc:154) Processed features for key genuine-T_1000361
VLOG[2] (compute-spectrogram-feats[5.5.536~1-eb836]:main():compute-spectrogram-feats.cc:154) Processed features for key genuine-T_1000362
VLOG[2] (compute-spectrogram-feats[5.5.536~1-eb836]:main():compute-spectrogram-feats.cc:154) Processed features for key genuine-T_1000363
VLOG[2] (compute-spectrogram-feats[5.5.536~1-eb836]:main():compute-spectrogram-feats.cc:154) Processed features for key genuine-T_1000364
VLOG[2] (compute-spectrogram-feats[5.5.536~1-eb836]:main():compute-spectrogram-feats.cc:154) Processed features for key genuine-T_1000365
VLOG[2] (compute-spectrogram-feats[5.5.536~1-eb836]:main():compute-spectrogram-feats.cc:154) Processed features for key genuine-T_1000366
VLOG[2] (compute-spectrogram-feats[5.5.536~1-eb836]:main():compute-spectrogram-feats.cc:154) Processed features for key genuine-T_1000367
VLOG[2] (compute-spectrogram-feats[5.5.536~1-eb836]:main():compute-spectrogram-feats.cc:154) Processed features for key genuine-T_1000368
VLOG[2] (compute-spectrogram-feats[5.5.536~1-eb836]:main():compute-spectrogram-feats.cc:154) Processed features for key genuine-T_1000369
LOG (compute-spectrogram-feats[5.5.536~1-eb836]:main():compute-spectrogram-feats.cc:153) Processed 180 utterances
VLOG[2] (compute-spectrogram-feats[5.5.536~1-eb836]:main():compute-spectrogram-feats.cc:154) Processed features for key genuine-T_1000370
VLOG[2] (compute-spectrogram-feats[5.5.536~1-eb836]:main():compute-spectrogram-feats.cc:154) Processed features for key genuine-T_1000371
VLOG[2] (compute-spectrogram-feats[5.5.536~1-eb836]:main():compute-spectrogram-feats.cc:154) Processed features for key genuine-T_1000372
VLOG[2] (compute-spectrogram-feats[5.5.536~1-eb836]:main():compute-spectrogram-feats.cc:154) Processed features for key genuine-T_1000373
VLOG[2] (compute-spectrogram-feats[5.5.536~1-eb836]:main():compute-spectrogram-feats.cc:154) Processed features for key genuine-T_1000374
VLOG[2] (compute-spectrogram-feats[5.5.536~1-eb836]:main():compute-spectrogram-feats.cc:154) Processed features for key genuine-T_1000375
VLOG[2] (compute-spectrogram-feats[5.5.536~1-eb836]:main():compute-spectrogram-feats.cc:154) Processed features for key genuine-T_1000376
VLOG[2] (compute-spectrogram-feats[5.5.536~1-eb836]:main():compute-spectrogram-feats.cc:154) Processed features for key genuine-T_1000377
VLOG[2] (compute-spectrogram-feats[5.5.536~1-eb836]:main():compute-spectrogram-feats.cc:154) Processed features for key genuine-T_1000378
VLOG[2] (compute-spectrogram-feats[5.5.536~1-eb836]:main():compute-spectrogram-feats.cc:154) Processed features for key genuine-T_1000379
LOG (compute-spectrogram-feats[5.5.536~1-eb836]:main():compute-spectrogram-feats.cc:157)  Done 189 out of 189 utterances.
LOG (copy-feats[5.5.536~1-eb836]:main():copy-feats.cc:143) Copied 189 feature matrices.
# Accounting: time=3 threads=1
# Ended (code 0) at Sat Jan 18 14:02:08 CST 2020, elapsed time 3 seconds
