# compute-spectrogram-feats --verbose=2 --config=conf/spec.conf scp,p:exp/make_spec/wav.7.scp ark:- | copy-feats --compress=true ark:- ark,scp:/home/lijianchen/ASVspoof/Attentive-Filtering-Network/logspec/raw_spec_train_spec.7.ark,/home/lijianchen/ASVspoof/Attentive-Filtering-Network/logspec/raw_spec_train_spec.7.scp 
# Started at Sat Jan 18 14:02:05 CST 2020
#
compute-spectrogram-feats --verbose=2 --config=conf/spec.conf scp,p:exp/make_spec/wav.7.scp ark:- 
copy-feats --compress=true ark:- ark,scp:/home/lijianchen/ASVspoof/Attentive-Filtering-Network/logspec/raw_spec_train_spec.7.ark,/home/lijianchen/ASVspoof/Attentive-Filtering-Network/logspec/raw_spec_train_spec.7.scp 
VLOG[2] (compute-spectrogram-feats[5.5.536~1-eb836]:main():compute-spectrogram-feats.cc:154) Processed features for key genuine-T_1001136
VLOG[2] (compute-spectrogram-feats[5.5.536~1-eb836]:main():compute-spectrogram-feats.cc:154) Processed features for key genuine-T_1001137
VLOG[2] (compute-spectrogram-feats[5.5.536~1-eb836]:main():compute-spectrogram-feats.cc:154) Processed features for key genuine-T_1001138
VLOG[2] (compute-spectrogram-feats[5.5.536~1-eb836]:main():compute-spectrogram-feats.cc:154) Processed features for key genuine-T_1001139
VLOG[2] (compute-spectrogram-feats[5.5.536~1-eb836]:main():compute-spectrogram-feats.cc:154) Processed features for key genuine-T_1001140
VLOG[2] (compute-spectrogram-feats[5.5.536~1-eb836]:main():compute-spectrogram-feats.cc:154) Processed features for key genuine-T_1001141
VLOG[2] (compute-spectrogram-feats[5.5.536~1-eb836]:main():compute-spectrogram-feats.cc:154) Processed features for key genuine-T_1001142
VLOG[2] (compute-spectrogram-feats[5.5.536~1-eb836]:main():compute-spectrogram-feats.cc:154) Processed features for key genuine-T_1001143
VLOG[2] (compute-spectrogram-feats[5.5.536~1-eb836]:main():compute-spectrogram-feats.cc:154) Processed features for key genuine-T_1001144
LOG (compute-spectrogram-feats[5.5.536~1-eb836]:main():compute-spectrogram-feats.cc:153) Processed 10 utterances
VLOG[2] (compute-spectrogram-feats[5.5.536~1-eb836]:main():compute-spectrogram-feats.cc:154) Processed features for key genuine-T_1001145
VLOG[2] (compute-spectrogram-feats[5.5.536~1-eb836]:main():compute-spectrogram-feats.cc:154) Processed features for key genuine-T_1001146
VLOG[2] (compute-spectrogram-feats[5.5.536~1-eb836]:main():compute-spectrogram-feats.cc:154) Processed features for key genuine-T_1001147
VLOG[2] (compute-spectrogram-feats[5.5.536~1-eb836]:main():compute-spectrogram-feats.cc:154) Processed features for key genuine-T_1001148
VLOG[2] (compute-spectrogram-feats[5.5.536~1-eb836]:main():compute-spectrogram-feats.cc:154) Processed features for key genuine-T_1001149
VLOG[2] (compute-spectrogram-feats[5.5.536~1-eb836]:main():compute-spectrogram-feats.cc:154) Processed features for key genuine-T_1001150
VLOG[2] (compute-spectrogram-feats[5.5.536~1-eb836]:main():compute-spectrogram-feats.cc:154) Processed features for key genuine-T_1001151
VLOG[2] (compute-spectrogram-feats[5.5.536~1-eb836]:main():compute-spectrogram-feats.cc:154) Processed features for key genuine-T_1001152
VLOG[2] (compute-spectrogram-feats[5.5.536~1-eb836]:main():compute-spectrogram-feats.cc:154) Processed features for key genuine-T_1001153
VLOG[2] (compute-spectrogram-feats[5.5.536~1-eb836]:main():compute-spectrogram-feats.cc:154) Processed features for key genuine-T_1001154
LOG (compute-spectrogram-feats[5.5.536~1-eb836]:main():compute-spectrogram-feats.cc:153) Processed 20 utterances
VLOG[2] (compute-spectrogram-feats[5.5.536~1-eb836]:main():compute-spectrogram-feats.cc:154) Processed features for key genuine-T_1001155
VLOG[2] (compute-spectrogram-feats[5.5.536~1-eb836]:main():compute-spectrogram-feats.cc:154) Processed features for key genuine-T_1001156
VLOG[2] (compute-spectrogram-feats[5.5.536~1-eb836]:main():compute-spectrogram-feats.cc:154) Processed features for key genuine-T_1001157
VLOG[2] (compute-spectrogram-feats[5.5.536~1-eb836]:main():compute-spectrogram-feats.cc:154) Processed features for key genuine-T_1001158
VLOG[2] (compute-spectrogram-feats[5.5.536~1-eb836]:main():compute-spectrogram-feats.cc:154) Processed features for key genuine-T_1001159
VLOG[2] (compute-spectrogram-feats[5.5.536~1-eb836]:main():compute-spectrogram-feats.cc:154) Processed features for key genuine-T_1001160
VLOG[2] (compute-spectrogram-feats[5.5.536~1-eb836]:main():compute-spectrogram-feats.cc:154) Processed features for key genuine-T_1001161
VLOG[2] (compute-spectrogram-feats[5.5.536~1-eb836]:main():compute-spectrogram-feats.cc:154) Processed features for key genuine-T_1001162
VLOG[2] (compute-spectrogram-feats[5.5.536~1-eb836]:main():compute-spectrogram-feats.cc:154) Processed features for key genuine-T_1001163
VLOG[2] (compute-spectrogram-feats[5.5.536~1-eb836]:main():compute-spectrogram-feats.cc:154) Processed features for key genuine-T_1001164
LOG (compute-spectrogram-feats[5.5.536~1-eb836]:main():compute-spectrogram-feats.cc:153) Processed 30 utterances
VLOG[2] (compute-spectrogram-feats[5.5.536~1-eb836]:main():compute-spectrogram-feats.cc:154) Processed features for key genuine-T_1001165
VLOG[2] (compute-spectrogram-feats[5.5.536~1-eb836]:main():compute-spectrogram-feats.cc:154) Processed features for key genuine-T_1001166
VLOG[2] (compute-spectrogram-feats[5.5.536~1-eb836]:main():compute-spectrogram-feats.cc:154) Processed features for key genuine-T_1001167
VLOG[2] (compute-spectrogram-feats[5.5.536~1-eb836]:main():compute-spectrogram-feats.cc:154) Processed features for key genuine-T_1001168
VLOG[2] (compute-spectrogram-feats[5.5.536~1-eb836]:main():compute-spectrogram-feats.cc:154) Processed features for key genuine-T_1001169
VLOG[2] (compute-spectrogram-feats[5.5.536~1-eb836]:main():compute-spectrogram-feats.cc:154) Processed features for key genuine-T_1001170
VLOG[2] (compute-spectrogram-feats[5.5.536~1-eb836]:main():compute-spectrogram-feats.cc:154) Processed features for key genuine-T_1001171
VLOG[2] (compute-spectrogram-feats[5.5.536~1-eb836]:main():compute-spectrogram-feats.cc:154) Processed features for key genuine-T_1001172
VLOG[2] (compute-spectrogram-feats[5.5.536~1-eb836]:main():compute-spectrogram-feats.cc:154) Processed features for key genuine-T_1001173
VLOG[2] (compute-spectrogram-feats[5.5.536~1-eb836]:main():compute-spectrogram-feats.cc:154) Processed features for key genuine-T_1001174
LOG (compute-spectrogram-feats[5.5.536~1-eb836]:main():compute-spectrogram-feats.cc:153) Processed 40 utterances
VLOG[2] (compute-spectrogram-feats[5.5.536~1-eb836]:main():compute-spectrogram-feats.cc:154) Processed features for key genuine-T_1001175
VLOG[2] (compute-spectrogram-feats[5.5.536~1-eb836]:main():compute-spectrogram-feats.cc:154) Processed features for key genuine-T_1001176
VLOG[2] (compute-spectrogram-feats[5.5.536~1-eb836]:main():compute-spectrogram-feats.cc:154) Processed features for key genuine-T_1001177
VLOG[2] (compute-spectrogram-feats[5.5.536~1-eb836]:main():compute-spectrogram-feats.cc:154) Processed features for key genuine-T_1001178
VLOG[2] (compute-spectrogram-feats[5.5.536~1-eb836]:main():compute-spectrogram-feats.cc:154) Processed features for key genuine-T_1001179
VLOG[2] (compute-spectrogram-feats[5.5.536~1-eb836]:main():compute-spectrogram-feats.cc:154) Processed features for key genuine-T_1001180
VLOG[2] (compute-spectrogram-feats[5.5.536~1-eb836]:main():compute-spectrogram-feats.cc:154) Processed features for key genuine-T_1001181
VLOG[2] (compute-spectrogram-feats[5.5.536~1-eb836]:main():compute-spectrogram-feats.cc:154) Processed features for key genuine-T_1001182
VLOG[2] (compute-spectrogram-feats[5.5.536~1-eb836]:main():compute-spectrogram-feats.cc:154) Processed features for key genuine-T_1001183
VLOG[2] (compute-spectrogram-feats[5.5.536~1-eb836]:main():compute-spectrogram-feats.cc:154) Processed features for key genuine-T_1001184
LOG (compute-spectrogram-feats[5.5.536~1-eb836]:main():compute-spectrogram-feats.cc:153) Processed 50 utterances
VLOG[2] (compute-spectrogram-feats[5.5.536~1-eb836]:main():compute-spectrogram-feats.cc:154) Processed features for key genuine-T_1001185
VLOG[2] (compute-spectrogram-feats[5.5.536~1-eb836]:main():compute-spectrogram-feats.cc:154) Processed features for key genuine-T_1001186
VLOG[2] (compute-spectrogram-feats[5.5.536~1-eb836]:main():compute-spectrogram-feats.cc:154) Processed features for key genuine-T_1001187
VLOG[2] (compute-spectrogram-feats[5.5.536~1-eb836]:main():compute-spectrogram-feats.cc:154) Processed features for key genuine-T_1001188
VLOG[2] (compute-spectrogram-feats[5.5.536~1-eb836]:main():compute-spectrogram-feats.cc:154) Processed features for key genuine-T_1001189
VLOG[2] (compute-spectrogram-feats[5.5.536~1-eb836]:main():compute-spectrogram-feats.cc:154) Processed features for key genuine-T_1001190
VLOG[2] (compute-spectrogram-feats[5.5.536~1-eb836]:main():compute-spectrogram-feats.cc:154) Processed features for key genuine-T_1001191
VLOG[2] (compute-spectrogram-feats[5.5.536~1-eb836]:main():compute-spectrogram-feats.cc:154) Processed features for key genuine-T_1001192
VLOG[2] (compute-spectrogram-feats[5.5.536~1-eb836]:main():compute-spectrogram-feats.cc:154) Processed features for key genuine-T_1001193
VLOG[2] (compute-spectrogram-feats[5.5.536~1-eb836]:main():compute-spectrogram-feats.cc:154) Processed features for key genuine-T_1001194
LOG (compute-spectrogram-feats[5.5.536~1-eb836]:main():compute-spectrogram-feats.cc:153) Processed 60 utterances
VLOG[2] (compute-spectrogram-feats[5.5.536~1-eb836]:main():compute-spectrogram-feats.cc:154) Processed features for key genuine-T_1001195
VLOG[2] (compute-spectrogram-feats[5.5.536~1-eb836]:main():compute-spectrogram-feats.cc:154) Processed features for key genuine-T_1001196
VLOG[2] (compute-spectrogram-feats[5.5.536~1-eb836]:main():compute-spectrogram-feats.cc:154) Processed features for key genuine-T_1001197
VLOG[2] (compute-spectrogram-feats[5.5.536~1-eb836]:main():compute-spectrogram-feats.cc:154) Processed features for key genuine-T_1001198
VLOG[2] (compute-spectrogram-feats[5.5.536~1-eb836]:main():compute-spectrogram-feats.cc:154) Processed features for key genuine-T_1001199
VLOG[2] (compute-spectrogram-feats[5.5.536~1-eb836]:main():compute-spectrogram-feats.cc:154) Processed features for key genuine-T_1001200
VLOG[2] (compute-spectrogram-feats[5.5.536~1-eb836]:main():compute-spectrogram-feats.cc:154) Processed features for key genuine-T_1001201
VLOG[2] (compute-spectrogram-feats[5.5.536~1-eb836]:main():compute-spectrogram-feats.cc:154) Processed features for key genuine-T_1001202
VLOG[2] (compute-spectrogram-feats[5.5.536~1-eb836]:main():compute-spectrogram-feats.cc:154) Processed features for key genuine-T_1001203
VLOG[2] (compute-spectrogram-feats[5.5.536~1-eb836]:main():compute-spectrogram-feats.cc:154) Processed features for key genuine-T_1001204
LOG (compute-spectrogram-feats[5.5.536~1-eb836]:main():compute-spectrogram-feats.cc:153) Processed 70 utterances
VLOG[2] (compute-spectrogram-feats[5.5.536~1-eb836]:main():compute-spectrogram-feats.cc:154) Processed features for key genuine-T_1001205
VLOG[2] (compute-spectrogram-feats[5.5.536~1-eb836]:main():compute-spectrogram-feats.cc:154) Processed features for key genuine-T_1001206
VLOG[2] (compute-spectrogram-feats[5.5.536~1-eb836]:main():compute-spectrogram-feats.cc:154) Processed features for key genuine-T_1001207
VLOG[2] (compute-spectrogram-feats[5.5.536~1-eb836]:main():compute-spectrogram-feats.cc:154) Processed features for key genuine-T_1001208
VLOG[2] (compute-spectrogram-feats[5.5.536~1-eb836]:main():compute-spectrogram-feats.cc:154) Processed features for key genuine-T_1001209
VLOG[2] (compute-spectrogram-feats[5.5.536~1-eb836]:main():compute-spectrogram-feats.cc:154) Processed features for key genuine-T_1001210
VLOG[2] (compute-spectrogram-feats[5.5.536~1-eb836]:main():compute-spectrogram-feats.cc:154) Processed features for key genuine-T_1001211
VLOG[2] (compute-spectrogram-feats[5.5.536~1-eb836]:main():compute-spectrogram-feats.cc:154) Processed features for key genuine-T_1001212
VLOG[2] (compute-spectrogram-feats[5.5.536~1-eb836]:main():compute-spectrogram-feats.cc:154) Processed features for key genuine-T_1001213
VLOG[2] (compute-spectrogram-feats[5.5.536~1-eb836]:main():compute-spectrogram-feats.cc:154) Processed features for key genuine-T_1001214
LOG (compute-spectrogram-feats[5.5.536~1-eb836]:main():compute-spectrogram-feats.cc:153) Processed 80 utterances
VLOG[2] (compute-spectrogram-feats[5.5.536~1-eb836]:main():compute-spectrogram-feats.cc:154) Processed features for key genuine-T_1001215
VLOG[2] (compute-spectrogram-feats[5.5.536~1-eb836]:main():compute-spectrogram-feats.cc:154) Processed features for key genuine-T_1001216
VLOG[2] (compute-spectrogram-feats[5.5.536~1-eb836]:main():compute-spectrogram-feats.cc:154) Processed features for key genuine-T_1001217
VLOG[2] (compute-spectrogram-feats[5.5.536~1-eb836]:main():compute-spectrogram-feats.cc:154) Processed features for key genuine-T_1001218
VLOG[2] (compute-spectrogram-feats[5.5.536~1-eb836]:main():compute-spectrogram-feats.cc:154) Processed features for key genuine-T_1001219
VLOG[2] (compute-spectrogram-feats[5.5.536~1-eb836]:main():compute-spectrogram-feats.cc:154) Processed features for key genuine-T_1001220
VLOG[2] (compute-spectrogram-feats[5.5.536~1-eb836]:main():compute-spectrogram-feats.cc:154) Processed features for key genuine-T_1001221
VLOG[2] (compute-spectrogram-feats[5.5.536~1-eb836]:main():compute-spectrogram-feats.cc:154) Processed features for key genuine-T_1001222
VLOG[2] (compute-spectrogram-feats[5.5.536~1-eb836]:main():compute-spectrogram-feats.cc:154) Processed features for key genuine-T_1001223
VLOG[2] (compute-spectrogram-feats[5.5.536~1-eb836]:main():compute-spectrogram-feats.cc:154) Processed features for key genuine-T_1001224
LOG (compute-spectrogram-feats[5.5.536~1-eb836]:main():compute-spectrogram-feats.cc:153) Processed 90 utterances
VLOG[2] (compute-spectrogram-feats[5.5.536~1-eb836]:main():compute-spectrogram-feats.cc:154) Processed features for key genuine-T_1001225
VLOG[2] (compute-spectrogram-feats[5.5.536~1-eb836]:main():compute-spectrogram-feats.cc:154) Processed features for key genuine-T_1001226
VLOG[2] (compute-spectrogram-feats[5.5.536~1-eb836]:main():compute-spectrogram-feats.cc:154) Processed features for key genuine-T_1001227
VLOG[2] (compute-spectrogram-feats[5.5.536~1-eb836]:main():compute-spectrogram-feats.cc:154) Processed features for key genuine-T_1001228
VLOG[2] (compute-spectrogram-feats[5.5.536~1-eb836]:main():compute-spectrogram-feats.cc:154) Processed features for key genuine-T_1001229
VLOG[2] (compute-spectrogram-feats[5.5.536~1-eb836]:main():compute-spectrogram-feats.cc:154) Processed features for key genuine-T_1001230
VLOG[2] (compute-spectrogram-feats[5.5.536~1-eb836]:main():compute-spectrogram-feats.cc:154) Processed features for key genuine-T_1001231
VLOG[2] (compute-spectrogram-feats[5.5.536~1-eb836]:main():compute-spectrogram-feats.cc:154) Processed features for key genuine-T_1001232
VLOG[2] (compute-spectrogram-feats[5.5.536~1-eb836]:main():compute-spectrogram-feats.cc:154) Processed features for key genuine-T_1001233
VLOG[2] (compute-spectrogram-feats[5.5.536~1-eb836]:main():compute-spectrogram-feats.cc:154) Processed features for key genuine-T_1001234
LOG (compute-spectrogram-feats[5.5.536~1-eb836]:main():compute-spectrogram-feats.cc:153) Processed 100 utterances
VLOG[2] (compute-spectrogram-feats[5.5.536~1-eb836]:main():compute-spectrogram-feats.cc:154) Processed features for key genuine-T_1001235
VLOG[2] (compute-spectrogram-feats[5.5.536~1-eb836]:main():compute-spectrogram-feats.cc:154) Processed features for key genuine-T_1001236
VLOG[2] (compute-spectrogram-feats[5.5.536~1-eb836]:main():compute-spectrogram-feats.cc:154) Processed features for key genuine-T_1001237
VLOG[2] (compute-spectrogram-feats[5.5.536~1-eb836]:main():compute-spectrogram-feats.cc:154) Processed features for key genuine-T_1001238
VLOG[2] (compute-spectrogram-feats[5.5.536~1-eb836]:main():compute-spectrogram-feats.cc:154) Processed features for key genuine-T_1001239
VLOG[2] (compute-spectrogram-feats[5.5.536~1-eb836]:main():compute-spectrogram-feats.cc:154) Processed features for key genuine-T_1001240
VLOG[2] (compute-spectrogram-feats[5.5.536~1-eb836]:main():compute-spectrogram-feats.cc:154) Processed features for key genuine-T_1001241
VLOG[2] (compute-spectrogram-feats[5.5.536~1-eb836]:main():compute-spectrogram-feats.cc:154) Processed features for key genuine-T_1001242
VLOG[2] (compute-spectrogram-feats[5.5.536~1-eb836]:main():compute-spectrogram-feats.cc:154) Processed features for key genuine-T_1001243
VLOG[2] (compute-spectrogram-feats[5.5.536~1-eb836]:main():compute-spectrogram-feats.cc:154) Processed features for key genuine-T_1001244
LOG (compute-spectrogram-feats[5.5.536~1-eb836]:main():compute-spectrogram-feats.cc:153) Processed 110 utterances
VLOG[2] (compute-spectrogram-feats[5.5.536~1-eb836]:main():compute-spectrogram-feats.cc:154) Processed features for key genuine-T_1001245
VLOG[2] (compute-spectrogram-feats[5.5.536~1-eb836]:main():compute-spectrogram-feats.cc:154) Processed features for key genuine-T_1001246
VLOG[2] (compute-spectrogram-feats[5.5.536~1-eb836]:main():compute-spectrogram-feats.cc:154) Processed features for key genuine-T_1001247
VLOG[2] (compute-spectrogram-feats[5.5.536~1-eb836]:main():compute-spectrogram-feats.cc:154) Processed features for key genuine-T_1001248
VLOG[2] (compute-spectrogram-feats[5.5.536~1-eb836]:main():compute-spectrogram-feats.cc:154) Processed features for key genuine-T_1001249
VLOG[2] (compute-spectrogram-feats[5.5.536~1-eb836]:main():compute-spectrogram-feats.cc:154) Processed features for key genuine-T_1001250
VLOG[2] (compute-spectrogram-feats[5.5.536~1-eb836]:main():compute-spectrogram-feats.cc:154) Processed features for key genuine-T_1001251
VLOG[2] (compute-spectrogram-feats[5.5.536~1-eb836]:main():compute-spectrogram-feats.cc:154) Processed features for key genuine-T_1001252
VLOG[2] (compute-spectrogram-feats[5.5.536~1-eb836]:main():compute-spectrogram-feats.cc:154) Processed features for key genuine-T_1001253
VLOG[2] (compute-spectrogram-feats[5.5.536~1-eb836]:main():compute-spectrogram-feats.cc:154) Processed features for key genuine-T_1001254
LOG (compute-spectrogram-feats[5.5.536~1-eb836]:main():compute-spectrogram-feats.cc:153) Processed 120 utterances
VLOG[2] (compute-spectrogram-feats[5.5.536~1-eb836]:main():compute-spectrogram-feats.cc:154) Processed features for key genuine-T_1001255
VLOG[2] (compute-spectrogram-feats[5.5.536~1-eb836]:main():compute-spectrogram-feats.cc:154) Processed features for key genuine-T_1001256
VLOG[2] (compute-spectrogram-feats[5.5.536~1-eb836]:main():compute-spectrogram-feats.cc:154) Processed features for key genuine-T_1001257
VLOG[2] (compute-spectrogram-feats[5.5.536~1-eb836]:main():compute-spectrogram-feats.cc:154) Processed features for key genuine-T_1001258
VLOG[2] (compute-spectrogram-feats[5.5.536~1-eb836]:main():compute-spectrogram-feats.cc:154) Processed features for key genuine-T_1001259
VLOG[2] (compute-spectrogram-feats[5.5.536~1-eb836]:main():compute-spectrogram-feats.cc:154) Processed features for key genuine-T_1001260
VLOG[2] (compute-spectrogram-feats[5.5.536~1-eb836]:main():compute-spectrogram-feats.cc:154) Processed features for key genuine-T_1001261
VLOG[2] (compute-spectrogram-feats[5.5.536~1-eb836]:main():compute-spectrogram-feats.cc:154) Processed features for key genuine-T_1001262
VLOG[2] (compute-spectrogram-feats[5.5.536~1-eb836]:main():compute-spectrogram-feats.cc:154) Processed features for key genuine-T_1001263
VLOG[2] (compute-spectrogram-feats[5.5.536~1-eb836]:main():compute-spectrogram-feats.cc:154) Processed features for key genuine-T_1001264
LOG (compute-spectrogram-feats[5.5.536~1-eb836]:main():compute-spectrogram-feats.cc:153) Processed 130 utterances
VLOG[2] (compute-spectrogram-feats[5.5.536~1-eb836]:main():compute-spectrogram-feats.cc:154) Processed features for key genuine-T_1001265
VLOG[2] (compute-spectrogram-feats[5.5.536~1-eb836]:main():compute-spectrogram-feats.cc:154) Processed features for key genuine-T_1001266
VLOG[2] (compute-spectrogram-feats[5.5.536~1-eb836]:main():compute-spectrogram-feats.cc:154) Processed features for key genuine-T_1001267
VLOG[2] (compute-spectrogram-feats[5.5.536~1-eb836]:main():compute-spectrogram-feats.cc:154) Processed features for key genuine-T_1001268
VLOG[2] (compute-spectrogram-feats[5.5.536~1-eb836]:main():compute-spectrogram-feats.cc:154) Processed features for key genuine-T_1001269
VLOG[2] (compute-spectrogram-feats[5.5.536~1-eb836]:main():compute-spectrogram-feats.cc:154) Processed features for key genuine-T_1001270
VLOG[2] (compute-spectrogram-feats[5.5.536~1-eb836]:main():compute-spectrogram-feats.cc:154) Processed features for key genuine-T_1001271
VLOG[2] (compute-spectrogram-feats[5.5.536~1-eb836]:main():compute-spectrogram-feats.cc:154) Processed features for key genuine-T_1001272
VLOG[2] (compute-spectrogram-feats[5.5.536~1-eb836]:main():compute-spectrogram-feats.cc:154) Processed features for key genuine-T_1001273
VLOG[2] (compute-spectrogram-feats[5.5.536~1-eb836]:main():compute-spectrogram-feats.cc:154) Processed features for key genuine-T_1001274
LOG (compute-spectrogram-feats[5.5.536~1-eb836]:main():compute-spectrogram-feats.cc:153) Processed 140 utterances
VLOG[2] (compute-spectrogram-feats[5.5.536~1-eb836]:main():compute-spectrogram-feats.cc:154) Processed features for key genuine-T_1001275
VLOG[2] (compute-spectrogram-feats[5.5.536~1-eb836]:main():compute-spectrogram-feats.cc:154) Processed features for key genuine-T_1001276
VLOG[2] (compute-spectrogram-feats[5.5.536~1-eb836]:main():compute-spectrogram-feats.cc:154) Processed features for key genuine-T_1001277
VLOG[2] (compute-spectrogram-feats[5.5.536~1-eb836]:main():compute-spectrogram-feats.cc:154) Processed features for key genuine-T_1001278
VLOG[2] (compute-spectrogram-feats[5.5.536~1-eb836]:main():compute-spectrogram-feats.cc:154) Processed features for key genuine-T_1001279
VLOG[2] (compute-spectrogram-feats[5.5.536~1-eb836]:main():compute-spectrogram-feats.cc:154) Processed features for key genuine-T_1001280
VLOG[2] (compute-spectrogram-feats[5.5.536~1-eb836]:main():compute-spectrogram-feats.cc:154) Processed features for key genuine-T_1001281
VLOG[2] (compute-spectrogram-feats[5.5.536~1-eb836]:main():compute-spectrogram-feats.cc:154) Processed features for key genuine-T_1001282
VLOG[2] (compute-spectrogram-feats[5.5.536~1-eb836]:main():compute-spectrogram-feats.cc:154) Processed features for key genuine-T_1001283
VLOG[2] (compute-spectrogram-feats[5.5.536~1-eb836]:main():compute-spectrogram-feats.cc:154) Processed features for key genuine-T_1001284
LOG (compute-spectrogram-feats[5.5.536~1-eb836]:main():compute-spectrogram-feats.cc:153) Processed 150 utterances
VLOG[2] (compute-spectrogram-feats[5.5.536~1-eb836]:main():compute-spectrogram-feats.cc:154) Processed features for key genuine-T_1001285
VLOG[2] (compute-spectrogram-feats[5.5.536~1-eb836]:main():compute-spectrogram-feats.cc:154) Processed features for key genuine-T_1001286
VLOG[2] (compute-spectrogram-feats[5.5.536~1-eb836]:main():compute-spectrogram-feats.cc:154) Processed features for key genuine-T_1001287
VLOG[2] (compute-spectrogram-feats[5.5.536~1-eb836]:main():compute-spectrogram-feats.cc:154) Processed features for key genuine-T_1001288
VLOG[2] (compute-spectrogram-feats[5.5.536~1-eb836]:main():compute-spectrogram-feats.cc:154) Processed features for key genuine-T_1001289
VLOG[2] (compute-spectrogram-feats[5.5.536~1-eb836]:main():compute-spectrogram-feats.cc:154) Processed features for key genuine-T_1001290
VLOG[2] (compute-spectrogram-feats[5.5.536~1-eb836]:main():compute-spectrogram-feats.cc:154) Processed features for key genuine-T_1001291
VLOG[2] (compute-spectrogram-feats[5.5.536~1-eb836]:main():compute-spectrogram-feats.cc:154) Processed features for key genuine-T_1001292
VLOG[2] (compute-spectrogram-feats[5.5.536~1-eb836]:main():compute-spectrogram-feats.cc:154) Processed features for key genuine-T_1001293
VLOG[2] (compute-spectrogram-feats[5.5.536~1-eb836]:main():compute-spectrogram-feats.cc:154) Processed features for key genuine-T_1001294
LOG (compute-spectrogram-feats[5.5.536~1-eb836]:main():compute-spectrogram-feats.cc:153) Processed 160 utterances
VLOG[2] (compute-spectrogram-feats[5.5.536~1-eb836]:main():compute-spectrogram-feats.cc:154) Processed features for key genuine-T_1001295
VLOG[2] (compute-spectrogram-feats[5.5.536~1-eb836]:main():compute-spectrogram-feats.cc:154) Processed features for key genuine-T_1001296
VLOG[2] (compute-spectrogram-feats[5.5.536~1-eb836]:main():compute-spectrogram-feats.cc:154) Processed features for key genuine-T_1001297
VLOG[2] (compute-spectrogram-feats[5.5.536~1-eb836]:main():compute-spectrogram-feats.cc:154) Processed features for key genuine-T_1001298
VLOG[2] (compute-spectrogram-feats[5.5.536~1-eb836]:main():compute-spectrogram-feats.cc:154) Processed features for key genuine-T_1001299
VLOG[2] (compute-spectrogram-feats[5.5.536~1-eb836]:main():compute-spectrogram-feats.cc:154) Processed features for key genuine-T_1001300
VLOG[2] (compute-spectrogram-feats[5.5.536~1-eb836]:main():compute-spectrogram-feats.cc:154) Processed features for key genuine-T_1001301
VLOG[2] (compute-spectrogram-feats[5.5.536~1-eb836]:main():compute-spectrogram-feats.cc:154) Processed features for key genuine-T_1001302
VLOG[2] (compute-spectrogram-feats[5.5.536~1-eb836]:main():compute-spectrogram-feats.cc:154) Processed features for key genuine-T_1001303
VLOG[2] (compute-spectrogram-feats[5.5.536~1-eb836]:main():compute-spectrogram-feats.cc:154) Processed features for key genuine-T_1001304
LOG (compute-spectrogram-feats[5.5.536~1-eb836]:main():compute-spectrogram-feats.cc:153) Processed 170 utterances
VLOG[2] (compute-spectrogram-feats[5.5.536~1-eb836]:main():compute-spectrogram-feats.cc:154) Processed features for key genuine-T_1001305
VLOG[2] (compute-spectrogram-feats[5.5.536~1-eb836]:main():compute-spectrogram-feats.cc:154) Processed features for key genuine-T_1001306
VLOG[2] (compute-spectrogram-feats[5.5.536~1-eb836]:main():compute-spectrogram-feats.cc:154) Processed features for key genuine-T_1001307
VLOG[2] (compute-spectrogram-feats[5.5.536~1-eb836]:main():compute-spectrogram-feats.cc:154) Processed features for key genuine-T_1001308
VLOG[2] (compute-spectrogram-feats[5.5.536~1-eb836]:main():compute-spectrogram-feats.cc:154) Processed features for key genuine-T_1001309
VLOG[2] (compute-spectrogram-feats[5.5.536~1-eb836]:main():compute-spectrogram-feats.cc:154) Processed features for key genuine-T_1001310
VLOG[2] (compute-spectrogram-feats[5.5.536~1-eb836]:main():compute-spectrogram-feats.cc:154) Processed features for key genuine-T_1001311
VLOG[2] (compute-spectrogram-feats[5.5.536~1-eb836]:main():compute-spectrogram-feats.cc:154) Processed features for key genuine-T_1001312
VLOG[2] (compute-spectrogram-feats[5.5.536~1-eb836]:main():compute-spectrogram-feats.cc:154) Processed features for key genuine-T_1001313
VLOG[2] (compute-spectrogram-feats[5.5.536~1-eb836]:main():compute-spectrogram-feats.cc:154) Processed features for key genuine-T_1001314
LOG (compute-spectrogram-feats[5.5.536~1-eb836]:main():compute-spectrogram-feats.cc:153) Processed 180 utterances
VLOG[2] (compute-spectrogram-feats[5.5.536~1-eb836]:main():compute-spectrogram-feats.cc:154) Processed features for key genuine-T_1001315
VLOG[2] (compute-spectrogram-feats[5.5.536~1-eb836]:main():compute-spectrogram-feats.cc:154) Processed features for key genuine-T_1001316
VLOG[2] (compute-spectrogram-feats[5.5.536~1-eb836]:main():compute-spectrogram-feats.cc:154) Processed features for key genuine-T_1001317
VLOG[2] (compute-spectrogram-feats[5.5.536~1-eb836]:main():compute-spectrogram-feats.cc:154) Processed features for key genuine-T_1001318
VLOG[2] (compute-spectrogram-feats[5.5.536~1-eb836]:main():compute-spectrogram-feats.cc:154) Processed features for key genuine-T_1001319
VLOG[2] (compute-spectrogram-feats[5.5.536~1-eb836]:main():compute-spectrogram-feats.cc:154) Processed features for key genuine-T_1001320
VLOG[2] (compute-spectrogram-feats[5.5.536~1-eb836]:main():compute-spectrogram-feats.cc:154) Processed features for key genuine-T_1001321
VLOG[2] (compute-spectrogram-feats[5.5.536~1-eb836]:main():compute-spectrogram-feats.cc:154) Processed features for key genuine-T_1001322
VLOG[2] (compute-spectrogram-feats[5.5.536~1-eb836]:main():compute-spectrogram-feats.cc:154) Processed features for key genuine-T_1001323
LOG (compute-spectrogram-feats[5.5.536~1-eb836]:main():compute-spectrogram-feats.cc:157)  Done 188 out of 188 utterances.
LOG (copy-feats[5.5.536~1-eb836]:main():copy-feats.cc:143) Copied 188 feature matrices.
# Accounting: time=3 threads=1
# Ended (code 0) at Sat Jan 18 14:02:08 CST 2020, elapsed time 3 seconds
