# compute-spectrogram-feats --verbose=2 --config=conf/spec.conf scp,p:exp/make_spec/wav.4.scp ark:- | copy-feats --compress=true ark:- ark,scp:/home/lijianchen/ASVspoof/Attentive-Filtering-Network/logspec/raw_spec_train_spec.4.ark,/home/lijianchen/ASVspoof/Attentive-Filtering-Network/logspec/raw_spec_train_spec.4.scp 
# Started at Sat Jan 18 14:02:05 CST 2020
#
compute-spectrogram-feats --verbose=2 --config=conf/spec.conf scp,p:exp/make_spec/wav.4.scp ark:- 
copy-feats --compress=true ark:- ark,scp:/home/lijianchen/ASVspoof/Attentive-Filtering-Network/logspec/raw_spec_train_spec.4.ark,/home/lijianchen/ASVspoof/Attentive-Filtering-Network/logspec/raw_spec_train_spec.4.scp 
VLOG[2] (compute-spectrogram-feats[5.5.536~1-eb836]:main():compute-spectrogram-feats.cc:154) Processed features for key genuine-T_1000569
VLOG[2] (compute-spectrogram-feats[5.5.536~1-eb836]:main():compute-spectrogram-feats.cc:154) Processed features for key genuine-T_1000570
VLOG[2] (compute-spectrogram-feats[5.5.536~1-eb836]:main():compute-spectrogram-feats.cc:154) Processed features for key genuine-T_1000571
VLOG[2] (compute-spectrogram-feats[5.5.536~1-eb836]:main():compute-spectrogram-feats.cc:154) Processed features for key genuine-T_1000572
VLOG[2] (compute-spectrogram-feats[5.5.536~1-eb836]:main():compute-spectrogram-feats.cc:154) Processed features for key genuine-T_1000573
VLOG[2] (compute-spectrogram-feats[5.5.536~1-eb836]:main():compute-spectrogram-feats.cc:154) Processed features for key genuine-T_1000574
VLOG[2] (compute-spectrogram-feats[5.5.536~1-eb836]:main():compute-spectrogram-feats.cc:154) Processed features for key genuine-T_1000575
VLOG[2] (compute-spectrogram-feats[5.5.536~1-eb836]:main():compute-spectrogram-feats.cc:154) Processed features for key genuine-T_1000576
VLOG[2] (compute-spectrogram-feats[5.5.536~1-eb836]:main():compute-spectrogram-feats.cc:154) Processed features for key genuine-T_1000577
LOG (compute-spectrogram-feats[5.5.536~1-eb836]:main():compute-spectrogram-feats.cc:153) Processed 10 utterances
VLOG[2] (compute-spectrogram-feats[5.5.536~1-eb836]:main():compute-spectrogram-feats.cc:154) Processed features for key genuine-T_1000578
VLOG[2] (compute-spectrogram-feats[5.5.536~1-eb836]:main():compute-spectrogram-feats.cc:154) Processed features for key genuine-T_1000579
VLOG[2] (compute-spectrogram-feats[5.5.536~1-eb836]:main():compute-spectrogram-feats.cc:154) Processed features for key genuine-T_1000580
VLOG[2] (compute-spectrogram-feats[5.5.536~1-eb836]:main():compute-spectrogram-feats.cc:154) Processed features for key genuine-T_1000581
VLOG[2] (compute-spectrogram-feats[5.5.536~1-eb836]:main():compute-spectrogram-feats.cc:154) Processed features for key genuine-T_1000582
VLOG[2] (compute-spectrogram-feats[5.5.536~1-eb836]:main():compute-spectrogram-feats.cc:154) Processed features for key genuine-T_1000583
VLOG[2] (compute-spectrogram-feats[5.5.536~1-eb836]:main():compute-spectrogram-feats.cc:154) Processed features for key genuine-T_1000584
VLOG[2] (compute-spectrogram-feats[5.5.536~1-eb836]:main():compute-spectrogram-feats.cc:154) Processed features for key genuine-T_1000585
VLOG[2] (compute-spectrogram-feats[5.5.536~1-eb836]:main():compute-spectrogram-feats.cc:154) Processed features for key genuine-T_1000586
VLOG[2] (compute-spectrogram-feats[5.5.536~1-eb836]:main():compute-spectrogram-feats.cc:154) Processed features for key genuine-T_1000587
LOG (compute-spectrogram-feats[5.5.536~1-eb836]:main():compute-spectrogram-feats.cc:153) Processed 20 utterances
VLOG[2] (compute-spectrogram-feats[5.5.536~1-eb836]:main():compute-spectrogram-feats.cc:154) Processed features for key genuine-T_1000588
VLOG[2] (compute-spectrogram-feats[5.5.536~1-eb836]:main():compute-spectrogram-feats.cc:154) Processed features for key genuine-T_1000589
VLOG[2] (compute-spectrogram-feats[5.5.536~1-eb836]:main():compute-spectrogram-feats.cc:154) Processed features for key genuine-T_1000590
VLOG[2] (compute-spectrogram-feats[5.5.536~1-eb836]:main():compute-spectrogram-feats.cc:154) Processed features for key genuine-T_1000591
VLOG[2] (compute-spectrogram-feats[5.5.536~1-eb836]:main():compute-spectrogram-feats.cc:154) Processed features for key genuine-T_1000592
VLOG[2] (compute-spectrogram-feats[5.5.536~1-eb836]:main():compute-spectrogram-feats.cc:154) Processed features for key genuine-T_1000593
VLOG[2] (compute-spectrogram-feats[5.5.536~1-eb836]:main():compute-spectrogram-feats.cc:154) Processed features for key genuine-T_1000594
VLOG[2] (compute-spectrogram-feats[5.5.536~1-eb836]:main():compute-spectrogram-feats.cc:154) Processed features for key genuine-T_1000595
VLOG[2] (compute-spectrogram-feats[5.5.536~1-eb836]:main():compute-spectrogram-feats.cc:154) Processed features for key genuine-T_1000596
VLOG[2] (compute-spectrogram-feats[5.5.536~1-eb836]:main():compute-spectrogram-feats.cc:154) Processed features for key genuine-T_1000597
LOG (compute-spectrogram-feats[5.5.536~1-eb836]:main():compute-spectrogram-feats.cc:153) Processed 30 utterances
VLOG[2] (compute-spectrogram-feats[5.5.536~1-eb836]:main():compute-spectrogram-feats.cc:154) Processed features for key genuine-T_1000598
VLOG[2] (compute-spectrogram-feats[5.5.536~1-eb836]:main():compute-spectrogram-feats.cc:154) Processed features for key genuine-T_1000599
VLOG[2] (compute-spectrogram-feats[5.5.536~1-eb836]:main():compute-spectrogram-feats.cc:154) Processed features for key genuine-T_1000600
VLOG[2] (compute-spectrogram-feats[5.5.536~1-eb836]:main():compute-spectrogram-feats.cc:154) Processed features for key genuine-T_1000601
VLOG[2] (compute-spectrogram-feats[5.5.536~1-eb836]:main():compute-spectrogram-feats.cc:154) Processed features for key genuine-T_1000602
VLOG[2] (compute-spectrogram-feats[5.5.536~1-eb836]:main():compute-spectrogram-feats.cc:154) Processed features for key genuine-T_1000603
VLOG[2] (compute-spectrogram-feats[5.5.536~1-eb836]:main():compute-spectrogram-feats.cc:154) Processed features for key genuine-T_1000604
VLOG[2] (compute-spectrogram-feats[5.5.536~1-eb836]:main():compute-spectrogram-feats.cc:154) Processed features for key genuine-T_1000605
VLOG[2] (compute-spectrogram-feats[5.5.536~1-eb836]:main():compute-spectrogram-feats.cc:154) Processed features for key genuine-T_1000606
VLOG[2] (compute-spectrogram-feats[5.5.536~1-eb836]:main():compute-spectrogram-feats.cc:154) Processed features for key genuine-T_1000607
LOG (compute-spectrogram-feats[5.5.536~1-eb836]:main():compute-spectrogram-feats.cc:153) Processed 40 utterances
VLOG[2] (compute-spectrogram-feats[5.5.536~1-eb836]:main():compute-spectrogram-feats.cc:154) Processed features for key genuine-T_1000608
VLOG[2] (compute-spectrogram-feats[5.5.536~1-eb836]:main():compute-spectrogram-feats.cc:154) Processed features for key genuine-T_1000609
VLOG[2] (compute-spectrogram-feats[5.5.536~1-eb836]:main():compute-spectrogram-feats.cc:154) Processed features for key genuine-T_1000610
VLOG[2] (compute-spectrogram-feats[5.5.536~1-eb836]:main():compute-spectrogram-feats.cc:154) Processed features for key genuine-T_1000611
VLOG[2] (compute-spectrogram-feats[5.5.536~1-eb836]:main():compute-spectrogram-feats.cc:154) Processed features for key genuine-T_1000612
VLOG[2] (compute-spectrogram-feats[5.5.536~1-eb836]:main():compute-spectrogram-feats.cc:154) Processed features for key genuine-T_1000613
VLOG[2] (compute-spectrogram-feats[5.5.536~1-eb836]:main():compute-spectrogram-feats.cc:154) Processed features for key genuine-T_1000614
VLOG[2] (compute-spectrogram-feats[5.5.536~1-eb836]:main():compute-spectrogram-feats.cc:154) Processed features for key genuine-T_1000615
VLOG[2] (compute-spectrogram-feats[5.5.536~1-eb836]:main():compute-spectrogram-feats.cc:154) Processed features for key genuine-T_1000616
VLOG[2] (compute-spectrogram-feats[5.5.536~1-eb836]:main():compute-spectrogram-feats.cc:154) Processed features for key genuine-T_1000617
LOG (compute-spectrogram-feats[5.5.536~1-eb836]:main():compute-spectrogram-feats.cc:153) Processed 50 utterances
VLOG[2] (compute-spectrogram-feats[5.5.536~1-eb836]:main():compute-spectrogram-feats.cc:154) Processed features for key genuine-T_1000618
VLOG[2] (compute-spectrogram-feats[5.5.536~1-eb836]:main():compute-spectrogram-feats.cc:154) Processed features for key genuine-T_1000619
VLOG[2] (compute-spectrogram-feats[5.5.536~1-eb836]:main():compute-spectrogram-feats.cc:154) Processed features for key genuine-T_1000620
VLOG[2] (compute-spectrogram-feats[5.5.536~1-eb836]:main():compute-spectrogram-feats.cc:154) Processed features for key genuine-T_1000621
VLOG[2] (compute-spectrogram-feats[5.5.536~1-eb836]:main():compute-spectrogram-feats.cc:154) Processed features for key genuine-T_1000622
VLOG[2] (compute-spectrogram-feats[5.5.536~1-eb836]:main():compute-spectrogram-feats.cc:154) Processed features for key genuine-T_1000623
VLOG[2] (compute-spectrogram-feats[5.5.536~1-eb836]:main():compute-spectrogram-feats.cc:154) Processed features for key genuine-T_1000624
VLOG[2] (compute-spectrogram-feats[5.5.536~1-eb836]:main():compute-spectrogram-feats.cc:154) Processed features for key genuine-T_1000625
VLOG[2] (compute-spectrogram-feats[5.5.536~1-eb836]:main():compute-spectrogram-feats.cc:154) Processed features for key genuine-T_1000626
VLOG[2] (compute-spectrogram-feats[5.5.536~1-eb836]:main():compute-spectrogram-feats.cc:154) Processed features for key genuine-T_1000627
LOG (compute-spectrogram-feats[5.5.536~1-eb836]:main():compute-spectrogram-feats.cc:153) Processed 60 utterances
VLOG[2] (compute-spectrogram-feats[5.5.536~1-eb836]:main():compute-spectrogram-feats.cc:154) Processed features for key genuine-T_1000628
VLOG[2] (compute-spectrogram-feats[5.5.536~1-eb836]:main():compute-spectrogram-feats.cc:154) Processed features for key genuine-T_1000629
VLOG[2] (compute-spectrogram-feats[5.5.536~1-eb836]:main():compute-spectrogram-feats.cc:154) Processed features for key genuine-T_1000630
VLOG[2] (compute-spectrogram-feats[5.5.536~1-eb836]:main():compute-spectrogram-feats.cc:154) Processed features for key genuine-T_1000631
VLOG[2] (compute-spectrogram-feats[5.5.536~1-eb836]:main():compute-spectrogram-feats.cc:154) Processed features for key genuine-T_1000632
VLOG[2] (compute-spectrogram-feats[5.5.536~1-eb836]:main():compute-spectrogram-feats.cc:154) Processed features for key genuine-T_1000633
VLOG[2] (compute-spectrogram-feats[5.5.536~1-eb836]:main():compute-spectrogram-feats.cc:154) Processed features for key genuine-T_1000634
VLOG[2] (compute-spectrogram-feats[5.5.536~1-eb836]:main():compute-spectrogram-feats.cc:154) Processed features for key genuine-T_1000635
VLOG[2] (compute-spectrogram-feats[5.5.536~1-eb836]:main():compute-spectrogram-feats.cc:154) Processed features for key genuine-T_1000636
VLOG[2] (compute-spectrogram-feats[5.5.536~1-eb836]:main():compute-spectrogram-feats.cc:154) Processed features for key genuine-T_1000637
LOG (compute-spectrogram-feats[5.5.536~1-eb836]:main():compute-spectrogram-feats.cc:153) Processed 70 utterances
VLOG[2] (compute-spectrogram-feats[5.5.536~1-eb836]:main():compute-spectrogram-feats.cc:154) Processed features for key genuine-T_1000638
VLOG[2] (compute-spectrogram-feats[5.5.536~1-eb836]:main():compute-spectrogram-feats.cc:154) Processed features for key genuine-T_1000639
VLOG[2] (compute-spectrogram-feats[5.5.536~1-eb836]:main():compute-spectrogram-feats.cc:154) Processed features for key genuine-T_1000640
VLOG[2] (compute-spectrogram-feats[5.5.536~1-eb836]:main():compute-spectrogram-feats.cc:154) Processed features for key genuine-T_1000641
VLOG[2] (compute-spectrogram-feats[5.5.536~1-eb836]:main():compute-spectrogram-feats.cc:154) Processed features for key genuine-T_1000642
VLOG[2] (compute-spectrogram-feats[5.5.536~1-eb836]:main():compute-spectrogram-feats.cc:154) Processed features for key genuine-T_1000643
VLOG[2] (compute-spectrogram-feats[5.5.536~1-eb836]:main():compute-spectrogram-feats.cc:154) Processed features for key genuine-T_1000644
VLOG[2] (compute-spectrogram-feats[5.5.536~1-eb836]:main():compute-spectrogram-feats.cc:154) Processed features for key genuine-T_1000645
VLOG[2] (compute-spectrogram-feats[5.5.536~1-eb836]:main():compute-spectrogram-feats.cc:154) Processed features for key genuine-T_1000646
VLOG[2] (compute-spectrogram-feats[5.5.536~1-eb836]:main():compute-spectrogram-feats.cc:154) Processed features for key genuine-T_1000647
LOG (compute-spectrogram-feats[5.5.536~1-eb836]:main():compute-spectrogram-feats.cc:153) Processed 80 utterances
VLOG[2] (compute-spectrogram-feats[5.5.536~1-eb836]:main():compute-spectrogram-feats.cc:154) Processed features for key genuine-T_1000648
VLOG[2] (compute-spectrogram-feats[5.5.536~1-eb836]:main():compute-spectrogram-feats.cc:154) Processed features for key genuine-T_1000649
VLOG[2] (compute-spectrogram-feats[5.5.536~1-eb836]:main():compute-spectrogram-feats.cc:154) Processed features for key genuine-T_1000650
VLOG[2] (compute-spectrogram-feats[5.5.536~1-eb836]:main():compute-spectrogram-feats.cc:154) Processed features for key genuine-T_1000651
VLOG[2] (compute-spectrogram-feats[5.5.536~1-eb836]:main():compute-spectrogram-feats.cc:154) Processed features for key genuine-T_1000652
VLOG[2] (compute-spectrogram-feats[5.5.536~1-eb836]:main():compute-spectrogram-feats.cc:154) Processed features for key genuine-T_1000653
VLOG[2] (compute-spectrogram-feats[5.5.536~1-eb836]:main():compute-spectrogram-feats.cc:154) Processed features for key genuine-T_1000654
VLOG[2] (compute-spectrogram-feats[5.5.536~1-eb836]:main():compute-spectrogram-feats.cc:154) Processed features for key genuine-T_1000655
VLOG[2] (compute-spectrogram-feats[5.5.536~1-eb836]:main():compute-spectrogram-feats.cc:154) Processed features for key genuine-T_1000656
VLOG[2] (compute-spectrogram-feats[5.5.536~1-eb836]:main():compute-spectrogram-feats.cc:154) Processed features for key genuine-T_1000657
LOG (compute-spectrogram-feats[5.5.536~1-eb836]:main():compute-spectrogram-feats.cc:153) Processed 90 utterances
VLOG[2] (compute-spectrogram-feats[5.5.536~1-eb836]:main():compute-spectrogram-feats.cc:154) Processed features for key genuine-T_1000658
VLOG[2] (compute-spectrogram-feats[5.5.536~1-eb836]:main():compute-spectrogram-feats.cc:154) Processed features for key genuine-T_1000659
VLOG[2] (compute-spectrogram-feats[5.5.536~1-eb836]:main():compute-spectrogram-feats.cc:154) Processed features for key genuine-T_1000660
VLOG[2] (compute-spectrogram-feats[5.5.536~1-eb836]:main():compute-spectrogram-feats.cc:154) Processed features for key genuine-T_1000661
VLOG[2] (compute-spectrogram-feats[5.5.536~1-eb836]:main():compute-spectrogram-feats.cc:154) Processed features for key genuine-T_1000662
VLOG[2] (compute-spectrogram-feats[5.5.536~1-eb836]:main():compute-spectrogram-feats.cc:154) Processed features for key genuine-T_1000663
VLOG[2] (compute-spectrogram-feats[5.5.536~1-eb836]:main():compute-spectrogram-feats.cc:154) Processed features for key genuine-T_1000664
VLOG[2] (compute-spectrogram-feats[5.5.536~1-eb836]:main():compute-spectrogram-feats.cc:154) Processed features for key genuine-T_1000665
VLOG[2] (compute-spectrogram-feats[5.5.536~1-eb836]:main():compute-spectrogram-feats.cc:154) Processed features for key genuine-T_1000666
VLOG[2] (compute-spectrogram-feats[5.5.536~1-eb836]:main():compute-spectrogram-feats.cc:154) Processed features for key genuine-T_1000667
LOG (compute-spectrogram-feats[5.5.536~1-eb836]:main():compute-spectrogram-feats.cc:153) Processed 100 utterances
VLOG[2] (compute-spectrogram-feats[5.5.536~1-eb836]:main():compute-spectrogram-feats.cc:154) Processed features for key genuine-T_1000668
VLOG[2] (compute-spectrogram-feats[5.5.536~1-eb836]:main():compute-spectrogram-feats.cc:154) Processed features for key genuine-T_1000669
VLOG[2] (compute-spectrogram-feats[5.5.536~1-eb836]:main():compute-spectrogram-feats.cc:154) Processed features for key genuine-T_1000670
VLOG[2] (compute-spectrogram-feats[5.5.536~1-eb836]:main():compute-spectrogram-feats.cc:154) Processed features for key genuine-T_1000671
VLOG[2] (compute-spectrogram-feats[5.5.536~1-eb836]:main():compute-spectrogram-feats.cc:154) Processed features for key genuine-T_1000672
VLOG[2] (compute-spectrogram-feats[5.5.536~1-eb836]:main():compute-spectrogram-feats.cc:154) Processed features for key genuine-T_1000673
VLOG[2] (compute-spectrogram-feats[5.5.536~1-eb836]:main():compute-spectrogram-feats.cc:154) Processed features for key genuine-T_1000674
VLOG[2] (compute-spectrogram-feats[5.5.536~1-eb836]:main():compute-spectrogram-feats.cc:154) Processed features for key genuine-T_1000675
VLOG[2] (compute-spectrogram-feats[5.5.536~1-eb836]:main():compute-spectrogram-feats.cc:154) Processed features for key genuine-T_1000676
VLOG[2] (compute-spectrogram-feats[5.5.536~1-eb836]:main():compute-spectrogram-feats.cc:154) Processed features for key genuine-T_1000677
LOG (compute-spectrogram-feats[5.5.536~1-eb836]:main():compute-spectrogram-feats.cc:153) Processed 110 utterances
VLOG[2] (compute-spectrogram-feats[5.5.536~1-eb836]:main():compute-spectrogram-feats.cc:154) Processed features for key genuine-T_1000678
VLOG[2] (compute-spectrogram-feats[5.5.536~1-eb836]:main():compute-spectrogram-feats.cc:154) Processed features for key genuine-T_1000679
VLOG[2] (compute-spectrogram-feats[5.5.536~1-eb836]:main():compute-spectrogram-feats.cc:154) Processed features for key genuine-T_1000680
VLOG[2] (compute-spectrogram-feats[5.5.536~1-eb836]:main():compute-spectrogram-feats.cc:154) Processed features for key genuine-T_1000681
VLOG[2] (compute-spectrogram-feats[5.5.536~1-eb836]:main():compute-spectrogram-feats.cc:154) Processed features for key genuine-T_1000682
VLOG[2] (compute-spectrogram-feats[5.5.536~1-eb836]:main():compute-spectrogram-feats.cc:154) Processed features for key genuine-T_1000683
VLOG[2] (compute-spectrogram-feats[5.5.536~1-eb836]:main():compute-spectrogram-feats.cc:154) Processed features for key genuine-T_1000684
VLOG[2] (compute-spectrogram-feats[5.5.536~1-eb836]:main():compute-spectrogram-feats.cc:154) Processed features for key genuine-T_1000685
VLOG[2] (compute-spectrogram-feats[5.5.536~1-eb836]:main():compute-spectrogram-feats.cc:154) Processed features for key genuine-T_1000686
VLOG[2] (compute-spectrogram-feats[5.5.536~1-eb836]:main():compute-spectrogram-feats.cc:154) Processed features for key genuine-T_1000687
LOG (compute-spectrogram-feats[5.5.536~1-eb836]:main():compute-spectrogram-feats.cc:153) Processed 120 utterances
VLOG[2] (compute-spectrogram-feats[5.5.536~1-eb836]:main():compute-spectrogram-feats.cc:154) Processed features for key genuine-T_1000688
VLOG[2] (compute-spectrogram-feats[5.5.536~1-eb836]:main():compute-spectrogram-feats.cc:154) Processed features for key genuine-T_1000689
VLOG[2] (compute-spectrogram-feats[5.5.536~1-eb836]:main():compute-spectrogram-feats.cc:154) Processed features for key genuine-T_1000690
VLOG[2] (compute-spectrogram-feats[5.5.536~1-eb836]:main():compute-spectrogram-feats.cc:154) Processed features for key genuine-T_1000691
VLOG[2] (compute-spectrogram-feats[5.5.536~1-eb836]:main():compute-spectrogram-feats.cc:154) Processed features for key genuine-T_1000692
VLOG[2] (compute-spectrogram-feats[5.5.536~1-eb836]:main():compute-spectrogram-feats.cc:154) Processed features for key genuine-T_1000693
VLOG[2] (compute-spectrogram-feats[5.5.536~1-eb836]:main():compute-spectrogram-feats.cc:154) Processed features for key genuine-T_1000694
VLOG[2] (compute-spectrogram-feats[5.5.536~1-eb836]:main():compute-spectrogram-feats.cc:154) Processed features for key genuine-T_1000695
VLOG[2] (compute-spectrogram-feats[5.5.536~1-eb836]:main():compute-spectrogram-feats.cc:154) Processed features for key genuine-T_1000696
VLOG[2] (compute-spectrogram-feats[5.5.536~1-eb836]:main():compute-spectrogram-feats.cc:154) Processed features for key genuine-T_1000697
LOG (compute-spectrogram-feats[5.5.536~1-eb836]:main():compute-spectrogram-feats.cc:153) Processed 130 utterances
VLOG[2] (compute-spectrogram-feats[5.5.536~1-eb836]:main():compute-spectrogram-feats.cc:154) Processed features for key genuine-T_1000698
VLOG[2] (compute-spectrogram-feats[5.5.536~1-eb836]:main():compute-spectrogram-feats.cc:154) Processed features for key genuine-T_1000699
VLOG[2] (compute-spectrogram-feats[5.5.536~1-eb836]:main():compute-spectrogram-feats.cc:154) Processed features for key genuine-T_1000700
VLOG[2] (compute-spectrogram-feats[5.5.536~1-eb836]:main():compute-spectrogram-feats.cc:154) Processed features for key genuine-T_1000701
VLOG[2] (compute-spectrogram-feats[5.5.536~1-eb836]:main():compute-spectrogram-feats.cc:154) Processed features for key genuine-T_1000702
VLOG[2] (compute-spectrogram-feats[5.5.536~1-eb836]:main():compute-spectrogram-feats.cc:154) Processed features for key genuine-T_1000703
VLOG[2] (compute-spectrogram-feats[5.5.536~1-eb836]:main():compute-spectrogram-feats.cc:154) Processed features for key genuine-T_1000704
VLOG[2] (compute-spectrogram-feats[5.5.536~1-eb836]:main():compute-spectrogram-feats.cc:154) Processed features for key genuine-T_1000705
VLOG[2] (compute-spectrogram-feats[5.5.536~1-eb836]:main():compute-spectrogram-feats.cc:154) Processed features for key genuine-T_1000706
VLOG[2] (compute-spectrogram-feats[5.5.536~1-eb836]:main():compute-spectrogram-feats.cc:154) Processed features for key genuine-T_1000707
LOG (compute-spectrogram-feats[5.5.536~1-eb836]:main():compute-spectrogram-feats.cc:153) Processed 140 utterances
VLOG[2] (compute-spectrogram-feats[5.5.536~1-eb836]:main():compute-spectrogram-feats.cc:154) Processed features for key genuine-T_1000708
VLOG[2] (compute-spectrogram-feats[5.5.536~1-eb836]:main():compute-spectrogram-feats.cc:154) Processed features for key genuine-T_1000709
VLOG[2] (compute-spectrogram-feats[5.5.536~1-eb836]:main():compute-spectrogram-feats.cc:154) Processed features for key genuine-T_1000710
VLOG[2] (compute-spectrogram-feats[5.5.536~1-eb836]:main():compute-spectrogram-feats.cc:154) Processed features for key genuine-T_1000711
VLOG[2] (compute-spectrogram-feats[5.5.536~1-eb836]:main():compute-spectrogram-feats.cc:154) Processed features for key genuine-T_1000712
VLOG[2] (compute-spectrogram-feats[5.5.536~1-eb836]:main():compute-spectrogram-feats.cc:154) Processed features for key genuine-T_1000713
VLOG[2] (compute-spectrogram-feats[5.5.536~1-eb836]:main():compute-spectrogram-feats.cc:154) Processed features for key genuine-T_1000714
VLOG[2] (compute-spectrogram-feats[5.5.536~1-eb836]:main():compute-spectrogram-feats.cc:154) Processed features for key genuine-T_1000715
VLOG[2] (compute-spectrogram-feats[5.5.536~1-eb836]:main():compute-spectrogram-feats.cc:154) Processed features for key genuine-T_1000716
VLOG[2] (compute-spectrogram-feats[5.5.536~1-eb836]:main():compute-spectrogram-feats.cc:154) Processed features for key genuine-T_1000717
LOG (compute-spectrogram-feats[5.5.536~1-eb836]:main():compute-spectrogram-feats.cc:153) Processed 150 utterances
VLOG[2] (compute-spectrogram-feats[5.5.536~1-eb836]:main():compute-spectrogram-feats.cc:154) Processed features for key genuine-T_1000718
VLOG[2] (compute-spectrogram-feats[5.5.536~1-eb836]:main():compute-spectrogram-feats.cc:154) Processed features for key genuine-T_1000719
VLOG[2] (compute-spectrogram-feats[5.5.536~1-eb836]:main():compute-spectrogram-feats.cc:154) Processed features for key genuine-T_1000720
VLOG[2] (compute-spectrogram-feats[5.5.536~1-eb836]:main():compute-spectrogram-feats.cc:154) Processed features for key genuine-T_1000721
VLOG[2] (compute-spectrogram-feats[5.5.536~1-eb836]:main():compute-spectrogram-feats.cc:154) Processed features for key genuine-T_1000722
VLOG[2] (compute-spectrogram-feats[5.5.536~1-eb836]:main():compute-spectrogram-feats.cc:154) Processed features for key genuine-T_1000723
VLOG[2] (compute-spectrogram-feats[5.5.536~1-eb836]:main():compute-spectrogram-feats.cc:154) Processed features for key genuine-T_1000724
VLOG[2] (compute-spectrogram-feats[5.5.536~1-eb836]:main():compute-spectrogram-feats.cc:154) Processed features for key genuine-T_1000725
VLOG[2] (compute-spectrogram-feats[5.5.536~1-eb836]:main():compute-spectrogram-feats.cc:154) Processed features for key genuine-T_1000726
VLOG[2] (compute-spectrogram-feats[5.5.536~1-eb836]:main():compute-spectrogram-feats.cc:154) Processed features for key genuine-T_1000727
LOG (compute-spectrogram-feats[5.5.536~1-eb836]:main():compute-spectrogram-feats.cc:153) Processed 160 utterances
VLOG[2] (compute-spectrogram-feats[5.5.536~1-eb836]:main():compute-spectrogram-feats.cc:154) Processed features for key genuine-T_1000728
VLOG[2] (compute-spectrogram-feats[5.5.536~1-eb836]:main():compute-spectrogram-feats.cc:154) Processed features for key genuine-T_1000729
VLOG[2] (compute-spectrogram-feats[5.5.536~1-eb836]:main():compute-spectrogram-feats.cc:154) Processed features for key genuine-T_1000730
VLOG[2] (compute-spectrogram-feats[5.5.536~1-eb836]:main():compute-spectrogram-feats.cc:154) Processed features for key genuine-T_1000731
VLOG[2] (compute-spectrogram-feats[5.5.536~1-eb836]:main():compute-spectrogram-feats.cc:154) Processed features for key genuine-T_1000732
VLOG[2] (compute-spectrogram-feats[5.5.536~1-eb836]:main():compute-spectrogram-feats.cc:154) Processed features for key genuine-T_1000733
VLOG[2] (compute-spectrogram-feats[5.5.536~1-eb836]:main():compute-spectrogram-feats.cc:154) Processed features for key genuine-T_1000734
VLOG[2] (compute-spectrogram-feats[5.5.536~1-eb836]:main():compute-spectrogram-feats.cc:154) Processed features for key genuine-T_1000735
VLOG[2] (compute-spectrogram-feats[5.5.536~1-eb836]:main():compute-spectrogram-feats.cc:154) Processed features for key genuine-T_1000736
VLOG[2] (compute-spectrogram-feats[5.5.536~1-eb836]:main():compute-spectrogram-feats.cc:154) Processed features for key genuine-T_1000737
LOG (compute-spectrogram-feats[5.5.536~1-eb836]:main():compute-spectrogram-feats.cc:153) Processed 170 utterances
VLOG[2] (compute-spectrogram-feats[5.5.536~1-eb836]:main():compute-spectrogram-feats.cc:154) Processed features for key genuine-T_1000738
VLOG[2] (compute-spectrogram-feats[5.5.536~1-eb836]:main():compute-spectrogram-feats.cc:154) Processed features for key genuine-T_1000739
VLOG[2] (compute-spectrogram-feats[5.5.536~1-eb836]:main():compute-spectrogram-feats.cc:154) Processed features for key genuine-T_1000740
VLOG[2] (compute-spectrogram-feats[5.5.536~1-eb836]:main():compute-spectrogram-feats.cc:154) Processed features for key genuine-T_1000741
VLOG[2] (compute-spectrogram-feats[5.5.536~1-eb836]:main():compute-spectrogram-feats.cc:154) Processed features for key genuine-T_1000742
VLOG[2] (compute-spectrogram-feats[5.5.536~1-eb836]:main():compute-spectrogram-feats.cc:154) Processed features for key genuine-T_1000743
VLOG[2] (compute-spectrogram-feats[5.5.536~1-eb836]:main():compute-spectrogram-feats.cc:154) Processed features for key genuine-T_1000744
VLOG[2] (compute-spectrogram-feats[5.5.536~1-eb836]:main():compute-spectrogram-feats.cc:154) Processed features for key genuine-T_1000745
VLOG[2] (compute-spectrogram-feats[5.5.536~1-eb836]:main():compute-spectrogram-feats.cc:154) Processed features for key genuine-T_1000746
VLOG[2] (compute-spectrogram-feats[5.5.536~1-eb836]:main():compute-spectrogram-feats.cc:154) Processed features for key genuine-T_1000747
LOG (compute-spectrogram-feats[5.5.536~1-eb836]:main():compute-spectrogram-feats.cc:153) Processed 180 utterances
VLOG[2] (compute-spectrogram-feats[5.5.536~1-eb836]:main():compute-spectrogram-feats.cc:154) Processed features for key genuine-T_1000748
VLOG[2] (compute-spectrogram-feats[5.5.536~1-eb836]:main():compute-spectrogram-feats.cc:154) Processed features for key genuine-T_1000749
VLOG[2] (compute-spectrogram-feats[5.5.536~1-eb836]:main():compute-spectrogram-feats.cc:154) Processed features for key genuine-T_1000750
VLOG[2] (compute-spectrogram-feats[5.5.536~1-eb836]:main():compute-spectrogram-feats.cc:154) Processed features for key genuine-T_1000751
VLOG[2] (compute-spectrogram-feats[5.5.536~1-eb836]:main():compute-spectrogram-feats.cc:154) Processed features for key genuine-T_1000752
VLOG[2] (compute-spectrogram-feats[5.5.536~1-eb836]:main():compute-spectrogram-feats.cc:154) Processed features for key genuine-T_1000753
VLOG[2] (compute-spectrogram-feats[5.5.536~1-eb836]:main():compute-spectrogram-feats.cc:154) Processed features for key genuine-T_1000754
VLOG[2] (compute-spectrogram-feats[5.5.536~1-eb836]:main():compute-spectrogram-feats.cc:154) Processed features for key genuine-T_1000755
VLOG[2] (compute-spectrogram-feats[5.5.536~1-eb836]:main():compute-spectrogram-feats.cc:154) Processed features for key genuine-T_1000756
VLOG[2] (compute-spectrogram-feats[5.5.536~1-eb836]:main():compute-spectrogram-feats.cc:154) Processed features for key genuine-T_1000757
LOG (compute-spectrogram-feats[5.5.536~1-eb836]:main():compute-spectrogram-feats.cc:157)  Done 189 out of 189 utterances.
LOG (copy-feats[5.5.536~1-eb836]:main():copy-feats.cc:143) Copied 189 feature matrices.
# Accounting: time=3 threads=1
# Ended (code 0) at Sat Jan 18 14:02:08 CST 2020, elapsed time 3 seconds
